<?xml version="1.0" encoding="utf-8"?>
<CoverageSession xmlns:xsd="http://www.w3.org/2001/XMLSchema" xmlns:xsi="http://www.w3.org/2001/XMLSchema-instance" Version="0.0.0.0">
  <Summary numSequencePoints="1732" visitedSequencePoints="0" numBranchPoints="0" visitedBranchPoints="0" sequenceCoverage="0.0" branchCoverage="0.0" maxCyclomaticComplexity="0" minCyclomaticComplexity="0" maxCrapScore="0" minCrapScore="0" visitedClasses="0" numClasses="31" visitedMethods="0" numMethods="180" />
  <Modules>
    <Module>
      <Summary numSequencePoints="1732" visitedSequencePoints="0" numBranchPoints="0" visitedBranchPoints="0" sequenceCoverage="0.0" branchCoverage="0.0" maxCyclomaticComplexity="0" minCyclomaticComplexity="0" maxCrapScore="0" minCrapScore="0" visitedClasses="0" numClasses="31" visitedMethods="0" numMethods="180" />
      <ModuleTime>0001-01-01T00:00:00</ModuleTime>
      <ModuleName>Scripts</ModuleName>
      <Files>
        <File uid="1" fullPath="C:/Users/david/Documents/Unity Games/Chess-Plus/Chess+/Assets/Scripts/AI.cs" />
        <File uid="2" fullPath="C:/Users/david/Documents/Unity Games/Chess-Plus/Chess+/Assets/Scripts/BoardState.cs" />
        <File uid="3" fullPath="C:/Users/david/Documents/Unity Games/Chess-Plus/Chess+/Assets/Scripts/CMFreeLookOnlyWhenRightMouseDown.cs" />
        <File uid="4" fullPath="C:/Users/david/Documents/Unity Games/Chess-Plus/Chess+/Assets/Scripts/Card Scripts/Card.cs" />
        <File uid="5" fullPath="C:/Users/david/Documents/Unity Games/Chess-Plus/Chess+/Assets/Scripts/Coordinate.cs" />
        <File uid="6" fullPath="C:/Users/david/Documents/Unity Games/Chess-Plus/Chess+/Assets/Scripts/Game States/Game.cs" />
        <File uid="7" fullPath="C:/Users/david/Documents/Unity Games/Chess-Plus/Chess+/Assets/Scripts/Game States/PauseMenu.cs" />
        <File uid="8" fullPath="C:/Users/david/Documents/Unity Games/Chess-Plus/Chess+/Assets/Scripts/Game States/PromoteMenu.cs" />
        <File uid="9" fullPath="C:/Users/david/Documents/Unity Games/Chess-Plus/Chess+/Assets/Scripts/Hand.cs" />
        <File uid="10" fullPath="C:/Users/david/Documents/Unity Games/Chess-Plus/Chess+/Assets/Scripts/Messages.cs" />
        <File uid="11" fullPath="C:/Users/david/Documents/Unity Games/Chess-Plus/Chess+/Assets/Scripts/Move Scripts/CardMove.cs" />
        <File uid="12" fullPath="C:/Users/david/Documents/Unity Games/Chess-Plus/Chess+/Assets/Scripts/Move Scripts/CastlingMove.cs" />
        <File uid="13" fullPath="C:/Users/david/Documents/Unity Games/Chess-Plus/Chess+/Assets/Scripts/Move Scripts/EnPassantMove.cs" />
        <File uid="14" fullPath="C:/Users/david/Documents/Unity Games/Chess-Plus/Chess+/Assets/Scripts/Move Scripts/Move.cs" />
        <File uid="15" fullPath="C:/Users/david/Documents/Unity Games/Chess-Plus/Chess+/Assets/Scripts/Move Scripts/PawnDoublejump.cs" />
        <File uid="16" fullPath="C:/Users/david/Documents/Unity Games/Chess-Plus/Chess+/Assets/Scripts/Move Scripts/PieceMove.cs" />
        <File uid="17" fullPath="C:/Users/david/Documents/Unity Games/Chess-Plus/Chess+/Assets/Scripts/Move Scripts/PromoteMove.cs" />
        <File uid="18" fullPath="C:/Users/david/Documents/Unity Games/Chess-Plus/Chess+/Assets/Scripts/Piece Scripts/Bishop.cs" />
        <File uid="19" fullPath="C:/Users/david/Documents/Unity Games/Chess-Plus/Chess+/Assets/Scripts/Piece Scripts/King.cs" />
        <File uid="20" fullPath="C:/Users/david/Documents/Unity Games/Chess-Plus/Chess+/Assets/Scripts/Piece Scripts/Knight.cs" />
        <File uid="21" fullPath="C:/Users/david/Documents/Unity Games/Chess-Plus/Chess+/Assets/Scripts/Piece Scripts/Pawn.cs" />
        <File uid="22" fullPath="C:/Users/david/Documents/Unity Games/Chess-Plus/Chess+/Assets/Scripts/Piece Scripts/Piece.cs" />
        <File uid="23" fullPath="C:/Users/david/Documents/Unity Games/Chess-Plus/Chess+/Assets/Scripts/Piece Scripts/Queen.cs" />
        <File uid="24" fullPath="C:/Users/david/Documents/Unity Games/Chess-Plus/Chess+/Assets/Scripts/Piece Scripts/Rook.cs" />
        <File uid="25" fullPath="C:/Users/david/Documents/Unity Games/Chess-Plus/Chess+/Assets/Scripts/Prefabs.cs" />
        <File uid="26" fullPath="C:/Users/david/Documents/Unity Games/Chess-Plus/Chess+/Assets/Scripts/Processing.cs" />
        <File uid="27" fullPath="C:/Users/david/Documents/Unity Games/Chess-Plus/Chess+/Assets/Scripts/StateManager.cs" />
        <File uid="28" fullPath="C:/Users/david/Documents/Unity Games/Chess-Plus/Chess+/Assets/Scripts/Team.cs" />
        <File uid="29" fullPath="C:/Users/david/Documents/Unity Games/Chess-Plus/Chess+/Assets/Scripts/tileScript.cs" />
      </Files>
      <Classes>
        <Class>
          <Summary numSequencePoints="50" visitedSequencePoints="0" numBranchPoints="0" visitedBranchPoints="0" sequenceCoverage="0.0" branchCoverage="0.0" maxCyclomaticComplexity="0" minCyclomaticComplexity="0" maxCrapScore="0" minCrapScore="0" visitedClasses="0" numClasses="1" visitedMethods="0" numMethods="2" />
          <FullName>AI</FullName>
          <Methods>
            <Method visited="false" cyclomaticComplexity="0" nPathComplexity="0" sequenceCoverage="0.0" branchCoverage="0" crapScore="0" isConstructor="false" isStatic="true" isGetter="false" isSetter="false">
              <Summary numSequencePoints="22" visitedSequencePoints="0" numBranchPoints="0" visitedBranchPoints="0" sequenceCoverage="0.0" branchCoverage="0" maxCyclomaticComplexity="0" minCyclomaticComplexity="0" maxCrapScore="0" minCrapScore="0" visitedClasses="0" numClasses="0" visitedMethods="0" numMethods="1" />
              <MetadataToken>100663297</MetadataToken>
              <Name>static System.Collections.Generic.List[Move] AI::getMaxPriMoves(BoardState, System.Collections.Generic.List[Move], Team)</Name>
              <FileRef uid="1" />
              <SequencePoints>
                <SequencePoint vc="0" uspid="3465" ordinal="0" offset="0" sl="11" sc="0" el="11" ec="0" bec="0" bev="0" fileid="1" />
                <SequencePoint vc="0" uspid="3466" ordinal="0" offset="1" sl="12" sc="0" el="12" ec="0" bec="0" bev="0" fileid="1" />
                <SequencePoint vc="0" uspid="3467" ordinal="0" offset="3" sl="13" sc="0" el="13" ec="0" bec="0" bev="0" fileid="1" />
                <SequencePoint vc="0" uspid="3468" ordinal="0" offset="9" sl="14" sc="0" el="14" ec="0" bec="0" bev="0" fileid="1" />
                <SequencePoint vc="0" uspid="3469" ordinal="0" offset="10" sl="14" sc="0" el="14" ec="0" bec="0" bev="0" fileid="1" />
                <SequencePoint vc="0" uspid="3470" ordinal="0" offset="19" sl="14" sc="0" el="14" ec="0" bec="0" bev="0" fileid="1" />
                <SequencePoint vc="0" uspid="3471" ordinal="0" offset="27" sl="15" sc="0" el="15" ec="0" bec="0" bev="0" fileid="1" />
                <SequencePoint vc="0" uspid="3472" ordinal="0" offset="28" sl="16" sc="0" el="16" ec="0" bec="0" bev="0" fileid="1" />
                <SequencePoint vc="0" uspid="3473" ordinal="0" offset="38" sl="17" sc="0" el="17" ec="0" bec="0" bev="0" fileid="1" />
                <SequencePoint vc="0" uspid="3474" ordinal="0" offset="49" sl="18" sc="0" el="18" ec="0" bec="0" bev="0" fileid="1" />
                <SequencePoint vc="0" uspid="3475" ordinal="0" offset="50" sl="19" sc="0" el="19" ec="0" bec="0" bev="0" fileid="1" />
                <SequencePoint vc="0" uspid="3476" ordinal="0" offset="58" sl="20" sc="0" el="20" ec="0" bec="0" bev="0" fileid="1" />
                <SequencePoint vc="0" uspid="3477" ordinal="0" offset="59" sl="21" sc="0" el="21" ec="0" bec="0" bev="0" fileid="1" />
                <SequencePoint vc="0" uspid="3478" ordinal="0" offset="70" sl="22" sc="0" el="22" ec="0" bec="0" bev="0" fileid="1" />
                <SequencePoint vc="0" uspid="3479" ordinal="0" offset="71" sl="23" sc="0" el="23" ec="0" bec="0" bev="0" fileid="1" />
                <SequencePoint vc="0" uspid="3480" ordinal="0" offset="74" sl="24" sc="0" el="24" ec="0" bec="0" bev="0" fileid="1" />
                <SequencePoint vc="0" uspid="3481" ordinal="0" offset="81" sl="25" sc="0" el="25" ec="0" bec="0" bev="0" fileid="1" />
                <SequencePoint vc="0" uspid="3482" ordinal="0" offset="89" sl="26" sc="0" el="26" ec="0" bec="0" bev="0" fileid="1" />
                <SequencePoint vc="0" uspid="3483" ordinal="0" offset="90" sl="27" sc="0" el="27" ec="0" bec="0" bev="0" fileid="1" />
                <SequencePoint vc="0" uspid="3484" ordinal="0" offset="91" sl="14" sc="0" el="14" ec="0" bec="0" bev="0" fileid="1" />
                <SequencePoint vc="0" uspid="3485" ordinal="0" offset="117" sl="28" sc="0" el="28" ec="0" bec="0" bev="0" fileid="1" />
                <SequencePoint vc="0" uspid="3486" ordinal="0" offset="122" sl="29" sc="0" el="29" ec="0" bec="0" bev="0" fileid="1" />
              </SequencePoints>
              <BranchPoints />
            </Method>
            <Method visited="false" cyclomaticComplexity="0" nPathComplexity="0" sequenceCoverage="0.0" branchCoverage="0" crapScore="0" isConstructor="false" isStatic="true" isGetter="false" isSetter="false">
              <Summary numSequencePoints="28" visitedSequencePoints="0" numBranchPoints="0" visitedBranchPoints="0" sequenceCoverage="0.0" branchCoverage="0" maxCyclomaticComplexity="0" minCyclomaticComplexity="0" maxCrapScore="0" minCrapScore="0" visitedClasses="0" numClasses="0" visitedMethods="0" numMethods="1" />
              <MetadataToken>100663298</MetadataToken>
              <Name>static System.Int32 AI::movePriority(BoardState, Move, Team)</Name>
              <FileRef uid="1" />
              <SequencePoints>
                <SequencePoint vc="0" uspid="3487" ordinal="0" offset="0" sl="33" sc="0" el="33" ec="0" bec="0" bev="0" fileid="1" />
                <SequencePoint vc="0" uspid="3488" ordinal="0" offset="1" sl="34" sc="0" el="34" ec="0" bec="0" bev="0" fileid="1" />
                <SequencePoint vc="0" uspid="3489" ordinal="0" offset="8" sl="35" sc="0" el="35" ec="0" bec="0" bev="0" fileid="1" />
                <SequencePoint vc="0" uspid="3490" ordinal="0" offset="16" sl="36" sc="0" el="36" ec="0" bec="0" bev="0" fileid="1" />
                <SequencePoint vc="0" uspid="3491" ordinal="0" offset="29" sl="38" sc="0" el="38" ec="0" bec="0" bev="0" fileid="1" />
                <SequencePoint vc="0" uspid="3492" ordinal="0" offset="34" sl="39" sc="0" el="39" ec="0" bec="0" bev="0" fileid="1" />
                <SequencePoint vc="0" uspid="3493" ordinal="0" offset="35" sl="40" sc="0" el="40" ec="0" bec="0" bev="0" fileid="1" />
                <SequencePoint vc="0" uspid="3494" ordinal="0" offset="44" sl="42" sc="0" el="42" ec="0" bec="0" bev="0" fileid="1" />
                <SequencePoint vc="0" uspid="3495" ordinal="0" offset="54" sl="43" sc="0" el="43" ec="0" bec="0" bev="0" fileid="1" />
                <SequencePoint vc="0" uspid="3496" ordinal="0" offset="55" sl="44" sc="0" el="44" ec="0" bec="0" bev="0" fileid="1" />
                <SequencePoint vc="0" uspid="3497" ordinal="0" offset="70" sl="45" sc="0" el="45" ec="0" bec="0" bev="0" fileid="1" />
                <SequencePoint vc="0" uspid="3498" ordinal="0" offset="71" sl="46" sc="0" el="46" ec="0" bec="0" bev="0" fileid="1" />
                <SequencePoint vc="0" uspid="3499" ordinal="0" offset="83" sl="50" sc="0" el="50" ec="0" bec="0" bev="0" fileid="1" />
                <SequencePoint vc="0" uspid="3500" ordinal="0" offset="84" sl="51" sc="0" el="51" ec="0" bec="0" bev="0" fileid="1" />
                <SequencePoint vc="0" uspid="3501" ordinal="0" offset="99" sl="52" sc="0" el="52" ec="0" bec="0" bev="0" fileid="1" />
                <SequencePoint vc="0" uspid="3502" ordinal="0" offset="100" sl="53" sc="0" el="53" ec="0" bec="0" bev="0" fileid="1" />
                <SequencePoint vc="0" uspid="3503" ordinal="0" offset="106" sl="55" sc="0" el="55" ec="0" bec="0" bev="0" fileid="1" />
                <SequencePoint vc="0" uspid="3504" ordinal="0" offset="132" sl="56" sc="0" el="56" ec="0" bec="0" bev="0" fileid="1" />
                <SequencePoint vc="0" uspid="3505" ordinal="0" offset="133" sl="57" sc="0" el="57" ec="0" bec="0" bev="0" fileid="1" />
                <SequencePoint vc="0" uspid="3506" ordinal="0" offset="138" sl="59" sc="0" el="59" ec="0" bec="0" bev="0" fileid="1" />
                <SequencePoint vc="0" uspid="3507" ordinal="0" offset="153" sl="60" sc="0" el="60" ec="0" bec="0" bev="0" fileid="1" />
                <SequencePoint vc="0" uspid="3508" ordinal="0" offset="154" sl="61" sc="0" el="61" ec="0" bec="0" bev="0" fileid="1" />
                <SequencePoint vc="0" uspid="3509" ordinal="0" offset="159" sl="63" sc="0" el="63" ec="0" bec="0" bev="0" fileid="1" />
                <SequencePoint vc="0" uspid="3510" ordinal="0" offset="174" sl="64" sc="0" el="64" ec="0" bec="0" bev="0" fileid="1" />
                <SequencePoint vc="0" uspid="3511" ordinal="0" offset="175" sl="65" sc="0" el="65" ec="0" bec="0" bev="0" fileid="1" />
                <SequencePoint vc="0" uspid="3512" ordinal="0" offset="180" sl="67" sc="0" el="67" ec="0" bec="0" bev="0" fileid="1" />
                <SequencePoint vc="0" uspid="3513" ordinal="0" offset="181" sl="68" sc="0" el="68" ec="0" bec="0" bev="0" fileid="1" />
                <SequencePoint vc="0" uspid="3514" ordinal="0" offset="186" sl="69" sc="0" el="69" ec="0" bec="0" bev="0" fileid="1" />
              </SequencePoints>
              <BranchPoints />
            </Method>
          </Methods>
        </Class>
        <Class>
          <Summary numSequencePoints="378" visitedSequencePoints="0" numBranchPoints="0" visitedBranchPoints="0" sequenceCoverage="0.0" branchCoverage="0.0" maxCyclomaticComplexity="0" minCyclomaticComplexity="0" maxCrapScore="0" minCrapScore="0" visitedClasses="0" numClasses="1" visitedMethods="0" numMethods="24" />
          <FullName>BoardState</FullName>
          <Methods>
            <Method visited="false" cyclomaticComplexity="0" nPathComplexity="0" sequenceCoverage="0.0" branchCoverage="0" crapScore="0" isConstructor="false" isStatic="false" isGetter="false" isSetter="false">
              <Summary numSequencePoints="36" visitedSequencePoints="0" numBranchPoints="0" visitedBranchPoints="0" sequenceCoverage="0.0" branchCoverage="0" maxCyclomaticComplexity="0" minCyclomaticComplexity="0" maxCrapScore="0" minCrapScore="0" visitedClasses="0" numClasses="0" visitedMethods="0" numMethods="1" />
              <MetadataToken>100663302</MetadataToken>
              <Name>System.String BoardState::toFEN()</Name>
              <FileRef uid="2" />
              <SequencePoints>
                <SequencePoint vc="0" uspid="3515" ordinal="0" offset="0" sl="198" sc="0" el="198" ec="0" bec="0" bev="0" fileid="2" />
                <SequencePoint vc="0" uspid="3516" ordinal="0" offset="1" sl="199" sc="0" el="199" ec="0" bec="0" bev="0" fileid="2" />
                <SequencePoint vc="0" uspid="3517" ordinal="0" offset="7" sl="201" sc="0" el="201" ec="0" bec="0" bev="0" fileid="2" />
                <SequencePoint vc="0" uspid="3518" ordinal="0" offset="19" sl="202" sc="0" el="202" ec="0" bec="0" bev="0" fileid="2" />
                <SequencePoint vc="0" uspid="3519" ordinal="0" offset="20" sl="203" sc="0" el="203" ec="0" bec="0" bev="0" fileid="2" />
                <SequencePoint vc="0" uspid="3520" ordinal="0" offset="22" sl="204" sc="0" el="204" ec="0" bec="0" bev="0" fileid="2" />
                <SequencePoint vc="0" uspid="3521" ordinal="0" offset="26" sl="205" sc="0" el="205" ec="0" bec="0" bev="0" fileid="2" />
                <SequencePoint vc="0" uspid="3522" ordinal="0" offset="27" sl="206" sc="0" el="206" ec="0" bec="0" bev="0" fileid="2" />
                <SequencePoint vc="0" uspid="3523" ordinal="0" offset="53" sl="207" sc="0" el="207" ec="0" bec="0" bev="0" fileid="2" />
                <SequencePoint vc="0" uspid="3524" ordinal="0" offset="54" sl="208" sc="0" el="208" ec="0" bec="0" bev="0" fileid="2" />
                <SequencePoint vc="0" uspid="3525" ordinal="0" offset="73" sl="209" sc="0" el="209" ec="0" bec="0" bev="0" fileid="2" />
                <SequencePoint vc="0" uspid="3526" ordinal="0" offset="83" sl="210" sc="0" el="210" ec="0" bec="0" bev="0" fileid="2" />
                <SequencePoint vc="0" uspid="3527" ordinal="0" offset="84" sl="211" sc="0" el="211" ec="0" bec="0" bev="0" fileid="2" />
                <SequencePoint vc="0" uspid="3528" ordinal="0" offset="98" sl="212" sc="0" el="212" ec="0" bec="0" bev="0" fileid="2" />
                <SequencePoint vc="0" uspid="3529" ordinal="0" offset="99" sl="213" sc="0" el="213" ec="0" bec="0" bev="0" fileid="2" />
                <SequencePoint vc="0" uspid="3530" ordinal="0" offset="113" sl="214" sc="0" el="214" ec="0" bec="0" bev="0" fileid="2" />
                <SequencePoint vc="0" uspid="3531" ordinal="0" offset="115" sl="215" sc="0" el="215" ec="0" bec="0" bev="0" fileid="2" />
                <SequencePoint vc="0" uspid="3532" ordinal="0" offset="118" sl="217" sc="0" el="217" ec="0" bec="0" bev="0" fileid="2" />
                <SequencePoint vc="0" uspid="3533" ordinal="0" offset="119" sl="218" sc="0" el="218" ec="0" bec="0" bev="0" fileid="2" />
                <SequencePoint vc="0" uspid="3534" ordinal="0" offset="123" sl="219" sc="0" el="219" ec="0" bec="0" bev="0" fileid="2" />
                <SequencePoint vc="0" uspid="3535" ordinal="0" offset="124" sl="220" sc="0" el="220" ec="0" bec="0" bev="0" fileid="2" />
                <SequencePoint vc="0" uspid="3536" ordinal="0" offset="125" sl="204" sc="0" el="204" ec="0" bec="0" bev="0" fileid="2" />
                <SequencePoint vc="0" uspid="3537" ordinal="0" offset="129" sl="204" sc="0" el="204" ec="0" bec="0" bev="0" fileid="2" />
                <SequencePoint vc="0" uspid="3538" ordinal="0" offset="147" sl="221" sc="0" el="221" ec="0" bec="0" bev="0" fileid="2" />
                <SequencePoint vc="0" uspid="3539" ordinal="0" offset="157" sl="222" sc="0" el="222" ec="0" bec="0" bev="0" fileid="2" />
                <SequencePoint vc="0" uspid="3540" ordinal="0" offset="158" sl="223" sc="0" el="223" ec="0" bec="0" bev="0" fileid="2" />
                <SequencePoint vc="0" uspid="3541" ordinal="0" offset="172" sl="224" sc="0" el="224" ec="0" bec="0" bev="0" fileid="2" />
                <SequencePoint vc="0" uspid="3542" ordinal="0" offset="173" sl="225" sc="0" el="225" ec="0" bec="0" bev="0" fileid="2" />
                <SequencePoint vc="0" uspid="3543" ordinal="0" offset="186" sl="226" sc="0" el="226" ec="0" bec="0" bev="0" fileid="2" />
                <SequencePoint vc="0" uspid="3544" ordinal="0" offset="187" sl="227" sc="0" el="227" ec="0" bec="0" bev="0" fileid="2" />
                <SequencePoint vc="0" uspid="3545" ordinal="0" offset="201" sl="228" sc="0" el="228" ec="0" bec="0" bev="0" fileid="2" />
                <SequencePoint vc="0" uspid="3546" ordinal="0" offset="202" sl="229" sc="0" el="229" ec="0" bec="0" bev="0" fileid="2" />
                <SequencePoint vc="0" uspid="3547" ordinal="0" offset="203" sl="201" sc="0" el="201" ec="0" bec="0" bev="0" fileid="2" />
                <SequencePoint vc="0" uspid="3548" ordinal="0" offset="207" sl="201" sc="0" el="201" ec="0" bec="0" bev="0" fileid="2" />
                <SequencePoint vc="0" uspid="3549" ordinal="0" offset="223" sl="230" sc="0" el="230" ec="0" bec="0" bev="0" fileid="2" />
                <SequencePoint vc="0" uspid="3550" ordinal="0" offset="239" sl="231" sc="0" el="231" ec="0" bec="0" bev="0" fileid="2" />
              </SequencePoints>
              <BranchPoints />
            </Method>
            <Method visited="false" cyclomaticComplexity="0" nPathComplexity="0" sequenceCoverage="0.0" branchCoverage="0" crapScore="0" isConstructor="false" isStatic="false" isGetter="false" isSetter="false">
              <Summary numSequencePoints="56" visitedSequencePoints="0" numBranchPoints="0" visitedBranchPoints="0" sequenceCoverage="0.0" branchCoverage="0" maxCyclomaticComplexity="0" minCyclomaticComplexity="0" maxCrapScore="0" minCrapScore="0" visitedClasses="0" numClasses="0" visitedMethods="0" numMethods="1" />
              <MetadataToken>100663303</MetadataToken>
              <Name>System.String BoardState::endOfFen()</Name>
              <FileRef uid="2" />
              <SequencePoints>
                <SequencePoint vc="0" uspid="3551" ordinal="0" offset="0" sl="235" sc="5" el="235" ec="5" bec="0" bev="0" fileid="2" />
                <SequencePoint vc="0" uspid="3552" ordinal="0" offset="1" sl="236" sc="9" el="236" ec="9" bec="0" bev="0" fileid="2" />
                <SequencePoint vc="0" uspid="3553" ordinal="0" offset="7" sl="238" sc="9" el="238" ec="9" bec="0" bev="0" fileid="2" />
                <SequencePoint vc="0" uspid="3554" ordinal="0" offset="24" sl="239" sc="9" el="239" ec="9" bec="0" bev="0" fileid="2" />
                <SequencePoint vc="0" uspid="3555" ordinal="0" offset="25" sl="240" sc="13" el="240" ec="13" bec="0" bev="0" fileid="2" />
                <SequencePoint vc="0" uspid="3556" ordinal="0" offset="37" sl="241" sc="9" el="241" ec="9" bec="0" bev="0" fileid="2" />
                <SequencePoint vc="0" uspid="3557" ordinal="0" offset="40" sl="243" sc="9" el="243" ec="9" bec="0" bev="0" fileid="2" />
                <SequencePoint vc="0" uspid="3558" ordinal="0" offset="41" sl="244" sc="13" el="244" ec="13" bec="0" bev="0" fileid="2" />
                <SequencePoint vc="0" uspid="3559" ordinal="0" offset="53" sl="245" sc="9" el="245" ec="9" bec="0" bev="0" fileid="2" />
                <SequencePoint vc="0" uspid="3560" ordinal="0" offset="54" sl="247" sc="9" el="247" ec="9" bec="0" bev="0" fileid="2" />
                <SequencePoint vc="0" uspid="3561" ordinal="0" offset="64" sl="248" sc="9" el="248" ec="9" bec="0" bev="0" fileid="2" />
                <SequencePoint vc="0" uspid="3562" ordinal="0" offset="65" sl="249" sc="13" el="249" ec="13" bec="0" bev="0" fileid="2" />
                <SequencePoint vc="0" uspid="3563" ordinal="0" offset="77" sl="250" sc="9" el="250" ec="9" bec="0" bev="0" fileid="2" />
                <SequencePoint vc="0" uspid="3564" ordinal="0" offset="78" sl="251" sc="9" el="251" ec="9" bec="0" bev="0" fileid="2" />
                <SequencePoint vc="0" uspid="3565" ordinal="0" offset="88" sl="252" sc="9" el="252" ec="9" bec="0" bev="0" fileid="2" />
                <SequencePoint vc="0" uspid="3566" ordinal="0" offset="89" sl="253" sc="13" el="253" ec="13" bec="0" bev="0" fileid="2" />
                <SequencePoint vc="0" uspid="3567" ordinal="0" offset="101" sl="254" sc="9" el="254" ec="9" bec="0" bev="0" fileid="2" />
                <SequencePoint vc="0" uspid="3568" ordinal="0" offset="102" sl="255" sc="9" el="255" ec="9" bec="0" bev="0" fileid="2" />
                <SequencePoint vc="0" uspid="3569" ordinal="0" offset="114" sl="256" sc="9" el="256" ec="9" bec="0" bev="0" fileid="2" />
                <SequencePoint vc="0" uspid="3570" ordinal="0" offset="115" sl="257" sc="13" el="257" ec="13" bec="0" bev="0" fileid="2" />
                <SequencePoint vc="0" uspid="3571" ordinal="0" offset="127" sl="258" sc="9" el="258" ec="9" bec="0" bev="0" fileid="2" />
                <SequencePoint vc="0" uspid="3572" ordinal="0" offset="128" sl="259" sc="9" el="259" ec="9" bec="0" bev="0" fileid="2" />
                <SequencePoint vc="0" uspid="3573" ordinal="0" offset="140" sl="260" sc="9" el="260" ec="9" bec="0" bev="0" fileid="2" />
                <SequencePoint vc="0" uspid="3574" ordinal="0" offset="141" sl="261" sc="13" el="261" ec="13" bec="0" bev="0" fileid="2" />
                <SequencePoint vc="0" uspid="3575" ordinal="0" offset="153" sl="262" sc="9" el="262" ec="9" bec="0" bev="0" fileid="2" />
                <SequencePoint vc="0" uspid="3576" ordinal="0" offset="154" sl="263" sc="9" el="263" ec="9" bec="0" bev="0" fileid="2" />
                <SequencePoint vc="0" uspid="3577" ordinal="0" offset="166" sl="266" sc="9" el="266" ec="9" bec="0" bev="0" fileid="2" />
                <SequencePoint vc="0" uspid="3578" ordinal="0" offset="184" sl="267" sc="9" el="267" ec="9" bec="0" bev="0" fileid="2" />
                <SequencePoint vc="0" uspid="3579" ordinal="0" offset="185" sl="268" sc="13" el="268" ec="13" bec="0" bev="0" fileid="2" />
                <SequencePoint vc="0" uspid="3580" ordinal="0" offset="197" sl="269" sc="9" el="269" ec="9" bec="0" bev="0" fileid="2" />
                <SequencePoint vc="0" uspid="3581" ordinal="0" offset="200" sl="271" sc="9" el="271" ec="9" bec="0" bev="0" fileid="2" />
                <SequencePoint vc="0" uspid="3582" ordinal="0" offset="201" sl="272" sc="13" el="272" ec="13" bec="0" bev="0" fileid="2" />
                <SequencePoint vc="0" uspid="3583" ordinal="0" offset="224" sl="273" sc="9" el="273" ec="9" bec="0" bev="0" fileid="2" />
                <SequencePoint vc="0" uspid="3584" ordinal="0" offset="225" sl="276" sc="9" el="276" ec="9" bec="0" bev="0" fileid="2" />
                <SequencePoint vc="0" uspid="3585" ordinal="0" offset="265" sl="279" sc="17" el="279" ec="17" bec="0" bev="0" fileid="2" />
                <SequencePoint vc="0" uspid="3586" ordinal="0" offset="277" sl="280" sc="17" el="280" ec="17" bec="0" bev="0" fileid="2" />
                <SequencePoint vc="0" uspid="3587" ordinal="0" offset="279" sl="282" sc="17" el="282" ec="17" bec="0" bev="0" fileid="2" />
                <SequencePoint vc="0" uspid="3588" ordinal="0" offset="298" sl="282" sc="50" el="282" ec="50" bec="0" bev="0" fileid="2" />
                <SequencePoint vc="0" uspid="3589" ordinal="0" offset="299" sl="282" sc="52" el="282" ec="52" bec="0" bev="0" fileid="2" />
                <SequencePoint vc="0" uspid="3590" ordinal="0" offset="311" sl="282" sc="70" el="282" ec="70" bec="0" bev="0" fileid="2" />
                <SequencePoint vc="0" uspid="3591" ordinal="0" offset="314" sl="282" sc="77" el="282" ec="77" bec="0" bev="0" fileid="2" />
                <SequencePoint vc="0" uspid="3592" ordinal="0" offset="315" sl="282" sc="79" el="282" ec="79" bec="0" bev="0" fileid="2" />
                <SequencePoint vc="0" uspid="3593" ordinal="0" offset="327" sl="282" sc="97" el="282" ec="97" bec="0" bev="0" fileid="2" />
                <SequencePoint vc="0" uspid="3594" ordinal="0" offset="328" sl="283" sc="17" el="283" ec="17" bec="0" bev="0" fileid="2" />
                <SequencePoint vc="0" uspid="3595" ordinal="0" offset="330" sl="285" sc="17" el="285" ec="17" bec="0" bev="0" fileid="2" />
                <SequencePoint vc="0" uspid="3596" ordinal="0" offset="349" sl="285" sc="50" el="285" ec="50" bec="0" bev="0" fileid="2" />
                <SequencePoint vc="0" uspid="3597" ordinal="0" offset="350" sl="285" sc="52" el="285" ec="52" bec="0" bev="0" fileid="2" />
                <SequencePoint vc="0" uspid="3598" ordinal="0" offset="362" sl="285" sc="70" el="285" ec="70" bec="0" bev="0" fileid="2" />
                <SequencePoint vc="0" uspid="3599" ordinal="0" offset="365" sl="285" sc="77" el="285" ec="77" bec="0" bev="0" fileid="2" />
                <SequencePoint vc="0" uspid="3600" ordinal="0" offset="366" sl="285" sc="79" el="285" ec="79" bec="0" bev="0" fileid="2" />
                <SequencePoint vc="0" uspid="3601" ordinal="0" offset="378" sl="285" sc="97" el="285" ec="97" bec="0" bev="0" fileid="2" />
                <SequencePoint vc="0" uspid="3602" ordinal="0" offset="379" sl="286" sc="17" el="286" ec="17" bec="0" bev="0" fileid="2" />
                <SequencePoint vc="0" uspid="3603" ordinal="0" offset="381" sl="288" sc="17" el="288" ec="17" bec="0" bev="0" fileid="2" />
                <SequencePoint vc="0" uspid="3604" ordinal="0" offset="393" sl="289" sc="17" el="289" ec="17" bec="0" bev="0" fileid="2" />
                <SequencePoint vc="0" uspid="3605" ordinal="0" offset="395" sl="292" sc="9" el="292" ec="9" bec="0" bev="0" fileid="2" />
                <SequencePoint vc="0" uspid="3606" ordinal="0" offset="400" sl="293" sc="5" el="293" ec="5" bec="0" bev="0" fileid="2" />
              </SequencePoints>
              <BranchPoints />
            </Method>
            <Method visited="false" cyclomaticComplexity="0" nPathComplexity="0" sequenceCoverage="0.0" branchCoverage="0" crapScore="0" isConstructor="false" isStatic="false" isGetter="false" isSetter="false">
              <Summary numSequencePoints="22" visitedSequencePoints="0" numBranchPoints="0" visitedBranchPoints="0" sequenceCoverage="0.0" branchCoverage="0" maxCyclomaticComplexity="0" minCyclomaticComplexity="0" maxCrapScore="0" minCrapScore="0" visitedClasses="0" numClasses="0" visitedMethods="0" numMethods="1" />
              <MetadataToken>100663304</MetadataToken>
              <Name>System.Void BoardState::setKings()</Name>
              <FileRef uid="2" />
              <SequencePoints>
                <SequencePoint vc="0" uspid="3607" ordinal="0" offset="0" sl="297" sc="0" el="297" ec="0" bec="0" bev="0" fileid="2" />
                <SequencePoint vc="0" uspid="3608" ordinal="0" offset="1" sl="298" sc="0" el="298" ec="0" bec="0" bev="0" fileid="2" />
                <SequencePoint vc="0" uspid="3609" ordinal="0" offset="13" sl="299" sc="0" el="299" ec="0" bec="0" bev="0" fileid="2" />
                <SequencePoint vc="0" uspid="3610" ordinal="0" offset="14" sl="300" sc="0" el="300" ec="0" bec="0" bev="0" fileid="2" />
                <SequencePoint vc="0" uspid="3611" ordinal="0" offset="21" sl="301" sc="0" el="301" ec="0" bec="0" bev="0" fileid="2" />
                <SequencePoint vc="0" uspid="3612" ordinal="0" offset="22" sl="302" sc="0" el="302" ec="0" bec="0" bev="0" fileid="2" />
                <SequencePoint vc="0" uspid="3613" ordinal="0" offset="51" sl="303" sc="0" el="303" ec="0" bec="0" bev="0" fileid="2" />
                <SequencePoint vc="0" uspid="3614" ordinal="0" offset="52" sl="304" sc="0" el="304" ec="0" bec="0" bev="0" fileid="2" />
                <SequencePoint vc="0" uspid="3615" ordinal="0" offset="85" sl="305" sc="0" el="305" ec="0" bec="0" bev="0" fileid="2" />
                <SequencePoint vc="0" uspid="3616" ordinal="0" offset="86" sl="306" sc="0" el="306" ec="0" bec="0" bev="0" fileid="2" />
                <SequencePoint vc="0" uspid="3617" ordinal="0" offset="114" sl="307" sc="0" el="307" ec="0" bec="0" bev="0" fileid="2" />
                <SequencePoint vc="0" uspid="3618" ordinal="0" offset="117" sl="309" sc="0" el="309" ec="0" bec="0" bev="0" fileid="2" />
                <SequencePoint vc="0" uspid="3619" ordinal="0" offset="118" sl="310" sc="0" el="310" ec="0" bec="0" bev="0" fileid="2" />
                <SequencePoint vc="0" uspid="3620" ordinal="0" offset="146" sl="311" sc="0" el="311" ec="0" bec="0" bev="0" fileid="2" />
                <SequencePoint vc="0" uspid="3621" ordinal="0" offset="147" sl="312" sc="0" el="312" ec="0" bec="0" bev="0" fileid="2" />
                <SequencePoint vc="0" uspid="3622" ordinal="0" offset="148" sl="313" sc="0" el="313" ec="0" bec="0" bev="0" fileid="2" />
                <SequencePoint vc="0" uspid="3623" ordinal="0" offset="149" sl="300" sc="0" el="300" ec="0" bec="0" bev="0" fileid="2" />
                <SequencePoint vc="0" uspid="3624" ordinal="0" offset="153" sl="300" sc="0" el="300" ec="0" bec="0" bev="0" fileid="2" />
                <SequencePoint vc="0" uspid="3625" ordinal="0" offset="174" sl="314" sc="0" el="314" ec="0" bec="0" bev="0" fileid="2" />
                <SequencePoint vc="0" uspid="3626" ordinal="0" offset="175" sl="298" sc="0" el="298" ec="0" bec="0" bev="0" fileid="2" />
                <SequencePoint vc="0" uspid="3627" ordinal="0" offset="179" sl="298" sc="0" el="298" ec="0" bec="0" bev="0" fileid="2" />
                <SequencePoint vc="0" uspid="3628" ordinal="0" offset="195" sl="315" sc="0" el="315" ec="0" bec="0" bev="0" fileid="2" />
              </SequencePoints>
              <BranchPoints />
            </Method>
            <Method visited="false" cyclomaticComplexity="0" nPathComplexity="0" sequenceCoverage="0.0" branchCoverage="0" crapScore="0" isConstructor="false" isStatic="false" isGetter="false" isSetter="false">
              <Summary numSequencePoints="22" visitedSequencePoints="0" numBranchPoints="0" visitedBranchPoints="0" sequenceCoverage="0.0" branchCoverage="0" maxCyclomaticComplexity="0" minCyclomaticComplexity="0" maxCrapScore="0" minCrapScore="0" visitedClasses="0" numClasses="0" visitedMethods="0" numMethods="1" />
              <MetadataToken>100663305</MetadataToken>
              <Name>System.String BoardState::ToString()</Name>
              <FileRef uid="2" />
              <SequencePoints>
                <SequencePoint vc="0" uspid="3629" ordinal="0" offset="0" sl="318" sc="5" el="318" ec="5" bec="0" bev="0" fileid="2" />
                <SequencePoint vc="0" uspid="3630" ordinal="0" offset="1" sl="319" sc="9" el="319" ec="9" bec="0" bev="0" fileid="2" />
                <SequencePoint vc="0" uspid="3631" ordinal="0" offset="7" sl="320" sc="14" el="320" ec="14" bec="0" bev="0" fileid="2" />
                <SequencePoint vc="0" uspid="3632" ordinal="0" offset="16" sl="321" sc="9" el="321" ec="9" bec="0" bev="0" fileid="2" />
                <SequencePoint vc="0" uspid="3633" ordinal="0" offset="17" sl="322" sc="18" el="322" ec="18" bec="0" bev="0" fileid="2" />
                <SequencePoint vc="0" uspid="3634" ordinal="0" offset="21" sl="323" sc="13" el="323" ec="13" bec="0" bev="0" fileid="2" />
                <SequencePoint vc="0" uspid="3635" ordinal="0" offset="22" sl="324" sc="17" el="324" ec="17" bec="0" bev="0" fileid="2" />
                <SequencePoint vc="0" uspid="3636" ordinal="0" offset="37" sl="325" sc="17" el="325" ec="17" bec="0" bev="0" fileid="2" />
                <SequencePoint vc="0" uspid="3637" ordinal="0" offset="38" sl="326" sc="21" el="326" ec="21" bec="0" bev="0" fileid="2" />
                <SequencePoint vc="0" uspid="3638" ordinal="0" offset="58" sl="327" sc="17" el="327" ec="17" bec="0" bev="0" fileid="2" />
                <SequencePoint vc="0" uspid="3639" ordinal="0" offset="61" sl="329" sc="17" el="329" ec="17" bec="0" bev="0" fileid="2" />
                <SequencePoint vc="0" uspid="3640" ordinal="0" offset="62" sl="330" sc="21" el="330" ec="21" bec="0" bev="0" fileid="2" />
                <SequencePoint vc="0" uspid="3641" ordinal="0" offset="74" sl="331" sc="17" el="331" ec="17" bec="0" bev="0" fileid="2" />
                <SequencePoint vc="0" uspid="3642" ordinal="0" offset="75" sl="332" sc="13" el="332" ec="13" bec="0" bev="0" fileid="2" />
                <SequencePoint vc="0" uspid="3643" ordinal="0" offset="76" sl="322" sc="49" el="322" ec="49" bec="0" bev="0" fileid="2" />
                <SequencePoint vc="0" uspid="3644" ordinal="0" offset="80" sl="322" sc="31" el="322" ec="31" bec="0" bev="0" fileid="2" />
                <SequencePoint vc="0" uspid="3645" ordinal="0" offset="98" sl="333" sc="13" el="333" ec="13" bec="0" bev="0" fileid="2" />
                <SequencePoint vc="0" uspid="3646" ordinal="0" offset="110" sl="334" sc="9" el="334" ec="9" bec="0" bev="0" fileid="2" />
                <SequencePoint vc="0" uspid="3647" ordinal="0" offset="111" sl="320" sc="45" el="320" ec="45" bec="0" bev="0" fileid="2" />
                <SequencePoint vc="0" uspid="3648" ordinal="0" offset="115" sl="320" sc="35" el="320" ec="35" bec="0" bev="0" fileid="2" />
                <SequencePoint vc="0" uspid="3649" ordinal="0" offset="128" sl="335" sc="9" el="335" ec="9" bec="0" bev="0" fileid="2" />
                <SequencePoint vc="0" uspid="3650" ordinal="0" offset="144" sl="336" sc="5" el="336" ec="5" bec="0" bev="0" fileid="2" />
              </SequencePoints>
              <BranchPoints />
            </Method>
            <Method visited="false" cyclomaticComplexity="0" nPathComplexity="0" sequenceCoverage="0.0" branchCoverage="0" crapScore="0" isConstructor="false" isStatic="false" isGetter="false" isSetter="false">
              <Summary numSequencePoints="3" visitedSequencePoints="0" numBranchPoints="0" visitedBranchPoints="0" sequenceCoverage="0.0" branchCoverage="0" maxCyclomaticComplexity="0" minCyclomaticComplexity="0" maxCrapScore="0" minCrapScore="0" visitedClasses="0" numClasses="0" visitedMethods="0" numMethods="1" />
              <MetadataToken>100663306</MetadataToken>
              <Name>Piece BoardState::getPiece(System.Int32, System.Int32)</Name>
              <FileRef uid="2" />
              <SequencePoints>
                <SequencePoint vc="0" uspid="3651" ordinal="0" offset="0" sl="340" sc="5" el="340" ec="5" bec="0" bev="0" fileid="2" />
                <SequencePoint vc="0" uspid="3652" ordinal="0" offset="1" sl="341" sc="9" el="341" ec="9" bec="0" bev="0" fileid="2" />
                <SequencePoint vc="0" uspid="3653" ordinal="0" offset="21" sl="342" sc="5" el="342" ec="5" bec="0" bev="0" fileid="2" />
              </SequencePoints>
              <BranchPoints />
            </Method>
            <Method visited="false" cyclomaticComplexity="0" nPathComplexity="0" sequenceCoverage="0.0" branchCoverage="0" crapScore="0" isConstructor="false" isStatic="false" isGetter="false" isSetter="false">
              <Summary numSequencePoints="3" visitedSequencePoints="0" numBranchPoints="0" visitedBranchPoints="0" sequenceCoverage="0.0" branchCoverage="0" maxCyclomaticComplexity="0" minCyclomaticComplexity="0" maxCrapScore="0" minCrapScore="0" visitedClasses="0" numClasses="0" visitedMethods="0" numMethods="1" />
              <MetadataToken>100663307</MetadataToken>
              <Name>Piece BoardState::getPiece(Coordinate)</Name>
              <FileRef uid="2" />
              <SequencePoints>
                <SequencePoint vc="0" uspid="3654" ordinal="0" offset="0" sl="346" sc="5" el="346" ec="5" bec="0" bev="0" fileid="2" />
                <SequencePoint vc="0" uspid="3655" ordinal="0" offset="1" sl="347" sc="9" el="347" ec="9" bec="0" bev="0" fileid="2" />
                <SequencePoint vc="0" uspid="3656" ordinal="0" offset="31" sl="348" sc="5" el="348" ec="5" bec="0" bev="0" fileid="2" />
              </SequencePoints>
              <BranchPoints />
            </Method>
            <Method visited="false" cyclomaticComplexity="0" nPathComplexity="0" sequenceCoverage="0.0" branchCoverage="0" crapScore="0" isConstructor="false" isStatic="false" isGetter="false" isSetter="false">
              <Summary numSequencePoints="4" visitedSequencePoints="0" numBranchPoints="0" visitedBranchPoints="0" sequenceCoverage="0.0" branchCoverage="0" maxCyclomaticComplexity="0" minCyclomaticComplexity="0" maxCrapScore="0" minCrapScore="0" visitedClasses="0" numClasses="0" visitedMethods="0" numMethods="1" />
              <MetadataToken>100663308</MetadataToken>
              <Name>System.Void BoardState::setPiece(Coordinate, Piece)</Name>
              <FileRef uid="2" />
              <SequencePoints>
                <SequencePoint vc="0" uspid="3657" ordinal="0" offset="0" sl="351" sc="0" el="351" ec="0" bec="0" bev="0" fileid="2" />
                <SequencePoint vc="0" uspid="3658" ordinal="0" offset="1" sl="352" sc="0" el="352" ec="0" bec="0" bev="0" fileid="2" />
                <SequencePoint vc="0" uspid="3659" ordinal="0" offset="29" sl="353" sc="0" el="353" ec="0" bec="0" bev="0" fileid="2" />
                <SequencePoint vc="0" uspid="3660" ordinal="0" offset="57" sl="354" sc="0" el="354" ec="0" bec="0" bev="0" fileid="2" />
              </SequencePoints>
              <BranchPoints />
            </Method>
            <Method visited="false" cyclomaticComplexity="0" nPathComplexity="0" sequenceCoverage="0.0" branchCoverage="0" crapScore="0" isConstructor="false" isStatic="false" isGetter="false" isSetter="false">
              <Summary numSequencePoints="10" visitedSequencePoints="0" numBranchPoints="0" visitedBranchPoints="0" sequenceCoverage="0.0" branchCoverage="0" maxCyclomaticComplexity="0" minCyclomaticComplexity="0" maxCrapScore="0" minCrapScore="0" visitedClasses="0" numClasses="0" visitedMethods="0" numMethods="1" />
              <MetadataToken>100663309</MetadataToken>
              <Name>King BoardState::getKing(Team)</Name>
              <FileRef uid="2" />
              <SequencePoints>
                <SequencePoint vc="0" uspid="3661" ordinal="0" offset="0" sl="358" sc="0" el="358" ec="0" bec="0" bev="0" fileid="2" />
                <SequencePoint vc="0" uspid="3662" ordinal="0" offset="1" sl="359" sc="0" el="359" ec="0" bec="0" bev="0" fileid="2" />
                <SequencePoint vc="0" uspid="3663" ordinal="0" offset="13" sl="360" sc="0" el="360" ec="0" bec="0" bev="0" fileid="2" />
                <SequencePoint vc="0" uspid="3664" ordinal="0" offset="14" sl="361" sc="0" el="361" ec="0" bec="0" bev="0" fileid="2" />
                <SequencePoint vc="0" uspid="3665" ordinal="0" offset="23" sl="363" sc="0" el="363" ec="0" bec="0" bev="0" fileid="2" />
                <SequencePoint vc="0" uspid="3666" ordinal="0" offset="35" sl="364" sc="0" el="364" ec="0" bec="0" bev="0" fileid="2" />
                <SequencePoint vc="0" uspid="3667" ordinal="0" offset="36" sl="365" sc="0" el="365" ec="0" bec="0" bev="0" fileid="2" />
                <SequencePoint vc="0" uspid="3668" ordinal="0" offset="45" sl="367" sc="0" el="367" ec="0" bec="0" bev="0" fileid="2" />
                <SequencePoint vc="0" uspid="3669" ordinal="0" offset="57" sl="368" sc="0" el="368" ec="0" bec="0" bev="0" fileid="2" />
                <SequencePoint vc="0" uspid="3670" ordinal="0" offset="68" sl="369" sc="0" el="369" ec="0" bec="0" bev="0" fileid="2" />
              </SequencePoints>
              <BranchPoints />
            </Method>
            <Method visited="false" cyclomaticComplexity="0" nPathComplexity="0" sequenceCoverage="0.0" branchCoverage="0" crapScore="0" isConstructor="false" isStatic="false" isGetter="false" isSetter="false">
              <Summary numSequencePoints="3" visitedSequencePoints="0" numBranchPoints="0" visitedBranchPoints="0" sequenceCoverage="0.0" branchCoverage="0" maxCyclomaticComplexity="0" minCyclomaticComplexity="0" maxCrapScore="0" minCrapScore="0" visitedClasses="0" numClasses="0" visitedMethods="0" numMethods="1" />
              <MetadataToken>100663310</MetadataToken>
              <Name>Coordinate BoardState::enPassantPos()</Name>
              <FileRef uid="2" />
              <SequencePoints>
                <SequencePoint vc="0" uspid="3671" ordinal="0" offset="0" sl="373" sc="0" el="373" ec="0" bec="0" bev="0" fileid="2" />
                <SequencePoint vc="0" uspid="3672" ordinal="0" offset="1" sl="374" sc="0" el="374" ec="0" bec="0" bev="0" fileid="2" />
                <SequencePoint vc="0" uspid="3673" ordinal="0" offset="10" sl="375" sc="0" el="375" ec="0" bec="0" bev="0" fileid="2" />
              </SequencePoints>
              <BranchPoints />
            </Method>
            <Method visited="false" cyclomaticComplexity="0" nPathComplexity="0" sequenceCoverage="0.0" branchCoverage="0" crapScore="0" isConstructor="false" isStatic="false" isGetter="false" isSetter="false">
              <Summary numSequencePoints="3" visitedSequencePoints="0" numBranchPoints="0" visitedBranchPoints="0" sequenceCoverage="0.0" branchCoverage="0" maxCyclomaticComplexity="0" minCyclomaticComplexity="0" maxCrapScore="0" minCrapScore="0" visitedClasses="0" numClasses="0" visitedMethods="0" numMethods="1" />
              <MetadataToken>100663311</MetadataToken>
              <Name>System.Void BoardState::setEnPassant(Coordinate)</Name>
              <FileRef uid="2" />
              <SequencePoints>
                <SequencePoint vc="0" uspid="3674" ordinal="0" offset="0" sl="379" sc="0" el="379" ec="0" bec="0" bev="0" fileid="2" />
                <SequencePoint vc="0" uspid="3675" ordinal="0" offset="1" sl="380" sc="0" el="380" ec="0" bec="0" bev="0" fileid="2" />
                <SequencePoint vc="0" uspid="3676" ordinal="0" offset="8" sl="381" sc="0" el="381" ec="0" bec="0" bev="0" fileid="2" />
              </SequencePoints>
              <BranchPoints />
            </Method>
            <Method visited="false" cyclomaticComplexity="0" nPathComplexity="0" sequenceCoverage="0.0" branchCoverage="0" crapScore="0" isConstructor="false" isStatic="false" isGetter="false" isSetter="false">
              <Summary numSequencePoints="3" visitedSequencePoints="0" numBranchPoints="0" visitedBranchPoints="0" sequenceCoverage="0.0" branchCoverage="0" maxCyclomaticComplexity="0" minCyclomaticComplexity="0" maxCrapScore="0" minCrapScore="0" visitedClasses="0" numClasses="0" visitedMethods="0" numMethods="1" />
              <MetadataToken>100663312</MetadataToken>
              <Name>Team BoardState::currentTeam()</Name>
              <FileRef uid="2" />
              <SequencePoints>
                <SequencePoint vc="0" uspid="3677" ordinal="0" offset="0" sl="385" sc="5" el="385" ec="5" bec="0" bev="0" fileid="2" />
                <SequencePoint vc="0" uspid="3678" ordinal="0" offset="1" sl="386" sc="9" el="386" ec="9" bec="0" bev="0" fileid="2" />
                <SequencePoint vc="0" uspid="3679" ordinal="0" offset="10" sl="387" sc="5" el="387" ec="5" bec="0" bev="0" fileid="2" />
              </SequencePoints>
              <BranchPoints />
            </Method>
            <Method visited="false" cyclomaticComplexity="0" nPathComplexity="0" sequenceCoverage="0.0" branchCoverage="0" crapScore="0" isConstructor="false" isStatic="false" isGetter="false" isSetter="false">
              <Summary numSequencePoints="3" visitedSequencePoints="0" numBranchPoints="0" visitedBranchPoints="0" sequenceCoverage="0.0" branchCoverage="0" maxCyclomaticComplexity="0" minCyclomaticComplexity="0" maxCrapScore="0" minCrapScore="0" visitedClasses="0" numClasses="0" visitedMethods="0" numMethods="1" />
              <MetadataToken>100663313</MetadataToken>
              <Name>System.Void BoardState::setTeam(Team)</Name>
              <FileRef uid="2" />
              <SequencePoints>
                <SequencePoint vc="0" uspid="3680" ordinal="0" offset="0" sl="390" sc="0" el="390" ec="0" bec="0" bev="0" fileid="2" />
                <SequencePoint vc="0" uspid="3681" ordinal="0" offset="1" sl="391" sc="0" el="391" ec="0" bec="0" bev="0" fileid="2" />
                <SequencePoint vc="0" uspid="3682" ordinal="0" offset="8" sl="392" sc="0" el="392" ec="0" bec="0" bev="0" fileid="2" />
              </SequencePoints>
              <BranchPoints />
            </Method>
            <Method visited="false" cyclomaticComplexity="0" nPathComplexity="0" sequenceCoverage="0.0" branchCoverage="0" crapScore="0" isConstructor="false" isStatic="false" isGetter="false" isSetter="false">
              <Summary numSequencePoints="3" visitedSequencePoints="0" numBranchPoints="0" visitedBranchPoints="0" sequenceCoverage="0.0" branchCoverage="0" maxCyclomaticComplexity="0" minCyclomaticComplexity="0" maxCrapScore="0" minCrapScore="0" visitedClasses="0" numClasses="0" visitedMethods="0" numMethods="1" />
              <MetadataToken>100663314</MetadataToken>
              <Name>Team BoardState::playersTeam()</Name>
              <FileRef uid="2" />
              <SequencePoints>
                <SequencePoint vc="0" uspid="3683" ordinal="0" offset="0" sl="396" sc="0" el="396" ec="0" bec="0" bev="0" fileid="2" />
                <SequencePoint vc="0" uspid="3684" ordinal="0" offset="1" sl="397" sc="0" el="397" ec="0" bec="0" bev="0" fileid="2" />
                <SequencePoint vc="0" uspid="3685" ordinal="0" offset="10" sl="398" sc="0" el="398" ec="0" bec="0" bev="0" fileid="2" />
              </SequencePoints>
              <BranchPoints />
            </Method>
            <Method visited="false" cyclomaticComplexity="0" nPathComplexity="0" sequenceCoverage="0.0" branchCoverage="0" crapScore="0" isConstructor="false" isStatic="false" isGetter="false" isSetter="false">
              <Summary numSequencePoints="3" visitedSequencePoints="0" numBranchPoints="0" visitedBranchPoints="0" sequenceCoverage="0.0" branchCoverage="0" maxCyclomaticComplexity="0" minCyclomaticComplexity="0" maxCrapScore="0" minCrapScore="0" visitedClasses="0" numClasses="0" visitedMethods="0" numMethods="1" />
              <MetadataToken>100663315</MetadataToken>
              <Name>Team BoardState::enemysTeam()</Name>
              <FileRef uid="2" />
              <SequencePoints>
                <SequencePoint vc="0" uspid="3686" ordinal="0" offset="0" sl="402" sc="0" el="402" ec="0" bec="0" bev="0" fileid="2" />
                <SequencePoint vc="0" uspid="3687" ordinal="0" offset="1" sl="403" sc="0" el="403" ec="0" bec="0" bev="0" fileid="2" />
                <SequencePoint vc="0" uspid="3688" ordinal="0" offset="10" sl="404" sc="0" el="404" ec="0" bec="0" bev="0" fileid="2" />
              </SequencePoints>
              <BranchPoints />
            </Method>
            <Method visited="false" cyclomaticComplexity="0" nPathComplexity="0" sequenceCoverage="0.0" branchCoverage="0" crapScore="0" isConstructor="false" isStatic="false" isGetter="false" isSetter="false">
              <Summary numSequencePoints="18" visitedSequencePoints="0" numBranchPoints="0" visitedBranchPoints="0" sequenceCoverage="0.0" branchCoverage="0" maxCyclomaticComplexity="0" minCyclomaticComplexity="0" maxCrapScore="0" minCrapScore="0" visitedClasses="0" numClasses="0" visitedMethods="0" numMethods="1" />
              <MetadataToken>100663316</MetadataToken>
              <Name>System.Boolean BoardState::canCastle(Team, System.Boolean)</Name>
              <FileRef uid="2" />
              <SequencePoints>
                <SequencePoint vc="0" uspid="3689" ordinal="0" offset="0" sl="409" sc="0" el="409" ec="0" bec="0" bev="0" fileid="2" />
                <SequencePoint vc="0" uspid="3690" ordinal="0" offset="1" sl="410" sc="0" el="410" ec="0" bec="0" bev="0" fileid="2" />
                <SequencePoint vc="0" uspid="3691" ordinal="0" offset="13" sl="411" sc="0" el="411" ec="0" bec="0" bev="0" fileid="2" />
                <SequencePoint vc="0" uspid="3692" ordinal="0" offset="14" sl="412" sc="0" el="412" ec="0" bec="0" bev="0" fileid="2" />
                <SequencePoint vc="0" uspid="3693" ordinal="0" offset="19" sl="413" sc="0" el="413" ec="0" bec="0" bev="0" fileid="2" />
                <SequencePoint vc="0" uspid="3694" ordinal="0" offset="20" sl="414" sc="0" el="414" ec="0" bec="0" bev="0" fileid="2" />
                <SequencePoint vc="0" uspid="3695" ordinal="0" offset="29" sl="417" sc="0" el="417" ec="0" bec="0" bev="0" fileid="2" />
                <SequencePoint vc="0" uspid="3696" ordinal="0" offset="30" sl="418" sc="0" el="418" ec="0" bec="0" bev="0" fileid="2" />
                <SequencePoint vc="0" uspid="3697" ordinal="0" offset="39" sl="421" sc="0" el="421" ec="0" bec="0" bev="0" fileid="2" />
                <SequencePoint vc="0" uspid="3698" ordinal="0" offset="51" sl="422" sc="0" el="422" ec="0" bec="0" bev="0" fileid="2" />
                <SequencePoint vc="0" uspid="3699" ordinal="0" offset="52" sl="423" sc="0" el="423" ec="0" bec="0" bev="0" fileid="2" />
                <SequencePoint vc="0" uspid="3700" ordinal="0" offset="59" sl="424" sc="0" el="424" ec="0" bec="0" bev="0" fileid="2" />
                <SequencePoint vc="0" uspid="3701" ordinal="0" offset="60" sl="425" sc="0" el="425" ec="0" bec="0" bev="0" fileid="2" />
                <SequencePoint vc="0" uspid="3702" ordinal="0" offset="69" sl="428" sc="0" el="428" ec="0" bec="0" bev="0" fileid="2" />
                <SequencePoint vc="0" uspid="3703" ordinal="0" offset="70" sl="429" sc="0" el="429" ec="0" bec="0" bev="0" fileid="2" />
                <SequencePoint vc="0" uspid="3704" ordinal="0" offset="79" sl="432" sc="0" el="432" ec="0" bec="0" bev="0" fileid="2" />
                <SequencePoint vc="0" uspid="3705" ordinal="0" offset="91" sl="433" sc="0" el="433" ec="0" bec="0" bev="0" fileid="2" />
                <SequencePoint vc="0" uspid="3706" ordinal="0" offset="102" sl="434" sc="0" el="434" ec="0" bec="0" bev="0" fileid="2" />
              </SequencePoints>
              <BranchPoints />
            </Method>
            <Method visited="false" cyclomaticComplexity="0" nPathComplexity="0" sequenceCoverage="0.0" branchCoverage="0" crapScore="0" isConstructor="false" isStatic="false" isGetter="false" isSetter="false">
              <Summary numSequencePoints="22" visitedSequencePoints="0" numBranchPoints="0" visitedBranchPoints="0" sequenceCoverage="0.0" branchCoverage="0" maxCyclomaticComplexity="0" minCyclomaticComplexity="0" maxCrapScore="0" minCrapScore="0" visitedClasses="0" numClasses="0" visitedMethods="0" numMethods="1" />
              <MetadataToken>100663317</MetadataToken>
              <Name>System.Void BoardState::setCastle(Team, System.Boolean, System.Boolean)</Name>
              <FileRef uid="2" />
              <SequencePoints>
                <SequencePoint vc="0" uspid="3707" ordinal="0" offset="0" sl="438" sc="0" el="438" ec="0" bec="0" bev="0" fileid="2" />
                <SequencePoint vc="0" uspid="3708" ordinal="0" offset="1" sl="439" sc="0" el="439" ec="0" bec="0" bev="0" fileid="2" />
                <SequencePoint vc="0" uspid="3709" ordinal="0" offset="13" sl="440" sc="0" el="440" ec="0" bec="0" bev="0" fileid="2" />
                <SequencePoint vc="0" uspid="3710" ordinal="0" offset="14" sl="441" sc="0" el="441" ec="0" bec="0" bev="0" fileid="2" />
                <SequencePoint vc="0" uspid="3711" ordinal="0" offset="19" sl="442" sc="0" el="442" ec="0" bec="0" bev="0" fileid="2" />
                <SequencePoint vc="0" uspid="3712" ordinal="0" offset="20" sl="443" sc="0" el="443" ec="0" bec="0" bev="0" fileid="2" />
                <SequencePoint vc="0" uspid="3713" ordinal="0" offset="27" sl="444" sc="0" el="444" ec="0" bec="0" bev="0" fileid="2" />
                <SequencePoint vc="0" uspid="3714" ordinal="0" offset="30" sl="446" sc="0" el="446" ec="0" bec="0" bev="0" fileid="2" />
                <SequencePoint vc="0" uspid="3715" ordinal="0" offset="31" sl="447" sc="0" el="447" ec="0" bec="0" bev="0" fileid="2" />
                <SequencePoint vc="0" uspid="3716" ordinal="0" offset="38" sl="448" sc="0" el="448" ec="0" bec="0" bev="0" fileid="2" />
                <SequencePoint vc="0" uspid="3717" ordinal="0" offset="39" sl="449" sc="0" el="449" ec="0" bec="0" bev="0" fileid="2" />
                <SequencePoint vc="0" uspid="3718" ordinal="0" offset="42" sl="450" sc="0" el="450" ec="0" bec="0" bev="0" fileid="2" />
                <SequencePoint vc="0" uspid="3719" ordinal="0" offset="54" sl="451" sc="0" el="451" ec="0" bec="0" bev="0" fileid="2" />
                <SequencePoint vc="0" uspid="3720" ordinal="0" offset="55" sl="452" sc="0" el="452" ec="0" bec="0" bev="0" fileid="2" />
                <SequencePoint vc="0" uspid="3721" ordinal="0" offset="60" sl="453" sc="0" el="453" ec="0" bec="0" bev="0" fileid="2" />
                <SequencePoint vc="0" uspid="3722" ordinal="0" offset="61" sl="454" sc="0" el="454" ec="0" bec="0" bev="0" fileid="2" />
                <SequencePoint vc="0" uspid="3723" ordinal="0" offset="68" sl="455" sc="0" el="455" ec="0" bec="0" bev="0" fileid="2" />
                <SequencePoint vc="0" uspid="3724" ordinal="0" offset="71" sl="457" sc="0" el="457" ec="0" bec="0" bev="0" fileid="2" />
                <SequencePoint vc="0" uspid="3725" ordinal="0" offset="72" sl="458" sc="0" el="458" ec="0" bec="0" bev="0" fileid="2" />
                <SequencePoint vc="0" uspid="3726" ordinal="0" offset="79" sl="459" sc="0" el="459" ec="0" bec="0" bev="0" fileid="2" />
                <SequencePoint vc="0" uspid="3727" ordinal="0" offset="80" sl="460" sc="0" el="460" ec="0" bec="0" bev="0" fileid="2" />
                <SequencePoint vc="0" uspid="3728" ordinal="0" offset="81" sl="461" sc="0" el="461" ec="0" bec="0" bev="0" fileid="2" />
              </SequencePoints>
              <BranchPoints />
            </Method>
            <Method visited="false" cyclomaticComplexity="0" nPathComplexity="0" sequenceCoverage="0.0" branchCoverage="0" crapScore="0" isConstructor="false" isStatic="false" isGetter="false" isSetter="false">
              <Summary numSequencePoints="7" visitedSequencePoints="0" numBranchPoints="0" visitedBranchPoints="0" sequenceCoverage="0.0" branchCoverage="0" maxCyclomaticComplexity="0" minCyclomaticComplexity="0" maxCrapScore="0" minCrapScore="0" visitedClasses="0" numClasses="0" visitedMethods="0" numMethods="1" />
              <MetadataToken>100663318</MetadataToken>
              <Name>Hand BoardState::getHand(Team)</Name>
              <FileRef uid="2" />
              <SequencePoints>
                <SequencePoint vc="0" uspid="3729" ordinal="0" offset="0" sl="463" sc="35" el="463" ec="35" bec="0" bev="0" fileid="2" />
                <SequencePoint vc="0" uspid="3730" ordinal="0" offset="1" sl="464" sc="9" el="464" ec="9" bec="0" bev="0" fileid="2" />
                <SequencePoint vc="0" uspid="3731" ordinal="0" offset="13" sl="464" sc="31" el="464" ec="31" bec="0" bev="0" fileid="2" />
                <SequencePoint vc="0" uspid="3732" ordinal="0" offset="14" sl="465" sc="13" el="465" ec="13" bec="0" bev="0" fileid="2" />
                <SequencePoint vc="0" uspid="3733" ordinal="0" offset="23" sl="466" sc="14" el="466" ec="14" bec="0" bev="0" fileid="2" />
                <SequencePoint vc="0" uspid="3734" ordinal="0" offset="24" sl="467" sc="13" el="467" ec="13" bec="0" bev="0" fileid="2" />
                <SequencePoint vc="0" uspid="3735" ordinal="0" offset="33" sl="469" sc="5" el="469" ec="5" bec="0" bev="0" fileid="2" />
              </SequencePoints>
              <BranchPoints />
            </Method>
            <Method visited="false" cyclomaticComplexity="0" nPathComplexity="0" sequenceCoverage="0.0" branchCoverage="0" crapScore="0" isConstructor="false" isStatic="false" isGetter="false" isSetter="false">
              <Summary numSequencePoints="3" visitedSequencePoints="0" numBranchPoints="0" visitedBranchPoints="0" sequenceCoverage="0.0" branchCoverage="0" maxCyclomaticComplexity="0" minCyclomaticComplexity="0" maxCrapScore="0" minCrapScore="0" visitedClasses="0" numClasses="0" visitedMethods="0" numMethods="1" />
              <MetadataToken>100663319</MetadataToken>
              <Name>BoardState/GameResult BoardState::getGameResult()</Name>
              <FileRef uid="2" />
              <SequencePoints>
                <SequencePoint vc="0" uspid="3736" ordinal="0" offset="0" sl="473" sc="0" el="473" ec="0" bec="0" bev="0" fileid="2" />
                <SequencePoint vc="0" uspid="3737" ordinal="0" offset="1" sl="474" sc="0" el="474" ec="0" bec="0" bev="0" fileid="2" />
                <SequencePoint vc="0" uspid="3738" ordinal="0" offset="10" sl="475" sc="0" el="475" ec="0" bec="0" bev="0" fileid="2" />
              </SequencePoints>
              <BranchPoints />
            </Method>
            <Method visited="false" cyclomaticComplexity="0" nPathComplexity="0" sequenceCoverage="0.0" branchCoverage="0" crapScore="0" isConstructor="false" isStatic="false" isGetter="false" isSetter="false">
              <Summary numSequencePoints="3" visitedSequencePoints="0" numBranchPoints="0" visitedBranchPoints="0" sequenceCoverage="0.0" branchCoverage="0" maxCyclomaticComplexity="0" minCyclomaticComplexity="0" maxCrapScore="0" minCrapScore="0" visitedClasses="0" numClasses="0" visitedMethods="0" numMethods="1" />
              <MetadataToken>100663320</MetadataToken>
              <Name>System.Void BoardState::setGameResult(BoardState/GameResult)</Name>
              <FileRef uid="2" />
              <SequencePoints>
                <SequencePoint vc="0" uspid="3739" ordinal="0" offset="0" sl="479" sc="5" el="479" ec="5" bec="0" bev="0" fileid="2" />
                <SequencePoint vc="0" uspid="3740" ordinal="0" offset="1" sl="480" sc="9" el="480" ec="9" bec="0" bev="0" fileid="2" />
                <SequencePoint vc="0" uspid="3741" ordinal="0" offset="8" sl="481" sc="5" el="481" ec="5" bec="0" bev="0" fileid="2" />
              </SequencePoints>
              <BranchPoints />
            </Method>
            <Method visited="false" cyclomaticComplexity="0" nPathComplexity="0" sequenceCoverage="0.0" branchCoverage="0" crapScore="0" isConstructor="false" isStatic="false" isGetter="false" isSetter="false">
              <Summary numSequencePoints="19" visitedSequencePoints="0" numBranchPoints="0" visitedBranchPoints="0" sequenceCoverage="0.0" branchCoverage="0" maxCyclomaticComplexity="0" minCyclomaticComplexity="0" maxCrapScore="0" minCrapScore="0" visitedClasses="0" numClasses="0" visitedMethods="0" numMethods="1" />
              <MetadataToken>100663321</MetadataToken>
              <Name>BoardState BoardState::clone()</Name>
              <FileRef uid="2" />
              <SequencePoints>
                <SequencePoint vc="0" uspid="3742" ordinal="0" offset="0" sl="486" sc="0" el="486" ec="0" bec="0" bev="0" fileid="2" />
                <SequencePoint vc="0" uspid="3743" ordinal="0" offset="1" sl="487" sc="0" el="487" ec="0" bec="0" bev="0" fileid="2" />
                <SequencePoint vc="0" uspid="3744" ordinal="0" offset="31" sl="491" sc="0" el="491" ec="0" bec="0" bev="0" fileid="2" />
                <SequencePoint vc="0" uspid="3745" ordinal="0" offset="35" sl="492" sc="0" el="492" ec="0" bec="0" bev="0" fileid="2" />
                <SequencePoint vc="0" uspid="3746" ordinal="0" offset="36" sl="493" sc="0" el="493" ec="0" bec="0" bev="0" fileid="2" />
                <SequencePoint vc="0" uspid="3747" ordinal="0" offset="40" sl="494" sc="0" el="494" ec="0" bec="0" bev="0" fileid="2" />
                <SequencePoint vc="0" uspid="3748" ordinal="0" offset="41" sl="495" sc="0" el="495" ec="0" bec="0" bev="0" fileid="2" />
                <SequencePoint vc="0" uspid="3749" ordinal="0" offset="63" sl="496" sc="0" el="496" ec="0" bec="0" bev="0" fileid="2" />
                <SequencePoint vc="0" uspid="3750" ordinal="0" offset="64" sl="497" sc="0" el="497" ec="0" bec="0" bev="0" fileid="2" />
                <SequencePoint vc="0" uspid="3751" ordinal="0" offset="90" sl="498" sc="0" el="498" ec="0" bec="0" bev="0" fileid="2" />
                <SequencePoint vc="0" uspid="3752" ordinal="0" offset="91" sl="499" sc="0" el="499" ec="0" bec="0" bev="0" fileid="2" />
                <SequencePoint vc="0" uspid="3753" ordinal="0" offset="92" sl="493" sc="0" el="493" ec="0" bec="0" bev="0" fileid="2" />
                <SequencePoint vc="0" uspid="3754" ordinal="0" offset="96" sl="493" sc="0" el="493" ec="0" bec="0" bev="0" fileid="2" />
                <SequencePoint vc="0" uspid="3755" ordinal="0" offset="117" sl="500" sc="0" el="500" ec="0" bec="0" bev="0" fileid="2" />
                <SequencePoint vc="0" uspid="3756" ordinal="0" offset="118" sl="491" sc="0" el="491" ec="0" bec="0" bev="0" fileid="2" />
                <SequencePoint vc="0" uspid="3757" ordinal="0" offset="122" sl="491" sc="0" el="491" ec="0" bec="0" bev="0" fileid="2" />
                <SequencePoint vc="0" uspid="3758" ordinal="0" offset="143" sl="501" sc="0" el="501" ec="0" bec="0" bev="0" fileid="2" />
                <SequencePoint vc="0" uspid="3759" ordinal="0" offset="282" sl="515" sc="0" el="515" ec="0" bec="0" bev="0" fileid="2" />
                <SequencePoint vc="0" uspid="3760" ordinal="0" offset="287" sl="516" sc="0" el="516" ec="0" bec="0" bev="0" fileid="2" />
              </SequencePoints>
              <BranchPoints />
            </Method>
            <Method visited="false" cyclomaticComplexity="0" nPathComplexity="0" sequenceCoverage="0.0" branchCoverage="0" crapScore="0" isConstructor="false" isStatic="false" isGetter="false" isSetter="false">
              <Summary numSequencePoints="3" visitedSequencePoints="0" numBranchPoints="0" visitedBranchPoints="0" sequenceCoverage="0.0" branchCoverage="0" maxCyclomaticComplexity="0" minCyclomaticComplexity="0" maxCrapScore="0" minCrapScore="0" visitedClasses="0" numClasses="0" visitedMethods="0" numMethods="1" />
              <MetadataToken>100663322</MetadataToken>
              <Name>System.Boolean BoardState::spotNotAlly(Piece, Coordinate)</Name>
              <FileRef uid="2" />
              <SequencePoints>
                <SequencePoint vc="0" uspid="3761" ordinal="0" offset="0" sl="520" sc="5" el="520" ec="5" bec="0" bev="0" fileid="2" />
                <SequencePoint vc="0" uspid="3762" ordinal="0" offset="1" sl="521" sc="9" el="521" ec="9" bec="0" bev="0" fileid="2" />
                <SequencePoint vc="0" uspid="3763" ordinal="0" offset="39" sl="522" sc="5" el="522" ec="5" bec="0" bev="0" fileid="2" />
              </SequencePoints>
              <BranchPoints />
            </Method>
            <Method visited="false" cyclomaticComplexity="0" nPathComplexity="0" sequenceCoverage="0.0" branchCoverage="0" crapScore="0" isConstructor="false" isStatic="false" isGetter="false" isSetter="false">
              <Summary numSequencePoints="3" visitedSequencePoints="0" numBranchPoints="0" visitedBranchPoints="0" sequenceCoverage="0.0" branchCoverage="0" maxCyclomaticComplexity="0" minCyclomaticComplexity="0" maxCrapScore="0" minCrapScore="0" visitedClasses="0" numClasses="0" visitedMethods="0" numMethods="1" />
              <MetadataToken>100663323</MetadataToken>
              <Name>System.Boolean BoardState::spotIsEnemy(Piece, Coordinate)</Name>
              <FileRef uid="2" />
              <SequencePoints>
                <SequencePoint vc="0" uspid="3764" ordinal="0" offset="0" sl="526" sc="0" el="526" ec="0" bec="0" bev="0" fileid="2" />
                <SequencePoint vc="0" uspid="3765" ordinal="0" offset="1" sl="527" sc="0" el="527" ec="0" bec="0" bev="0" fileid="2" />
                <SequencePoint vc="0" uspid="3766" ordinal="0" offset="39" sl="528" sc="0" el="528" ec="0" bec="0" bev="0" fileid="2" />
              </SequencePoints>
              <BranchPoints />
            </Method>
            <Method visited="false" cyclomaticComplexity="0" nPathComplexity="0" sequenceCoverage="0.0" branchCoverage="0" crapScore="0" isConstructor="true" isStatic="false" isGetter="false" isSetter="false">
              <Summary numSequencePoints="18" visitedSequencePoints="0" numBranchPoints="0" visitedBranchPoints="0" sequenceCoverage="0.0" branchCoverage="0" maxCyclomaticComplexity="0" minCyclomaticComplexity="0" maxCrapScore="0" minCrapScore="0" visitedClasses="0" numClasses="0" visitedMethods="0" numMethods="1" />
              <MetadataToken>100663300</MetadataToken>
              <Name>BoardState::BoardState(Piece[,], Team, System.Boolean, System.Boolean, System.Boolean, System.Boolean, Coordinate, King, King, Hand, Hand)</Name>
              <FileRef uid="2" />
              <SequencePoints>
                <SequencePoint vc="0" uspid="3767" ordinal="0" offset="0" sl="12" sc="5" el="12" ec="5" bec="0" bev="0" fileid="2" />
                <SequencePoint vc="0" uspid="3768" ordinal="0" offset="7" sl="27" sc="5" el="27" ec="5" bec="0" bev="0" fileid="2" />
                <SequencePoint vc="0" uspid="3769" ordinal="0" offset="18" sl="28" sc="5" el="28" ec="5" bec="0" bev="0" fileid="2" />
                <SequencePoint vc="0" uspid="3770" ordinal="0" offset="29" sl="38" sc="5" el="38" ec="5" bec="0" bev="0" fileid="2" />
                <SequencePoint vc="0" uspid="3771" ordinal="0" offset="36" sl="48" sc="5" el="48" ec="5" bec="0" bev="0" fileid="2" />
                <SequencePoint vc="0" uspid="3772" ordinal="0" offset="43" sl="61" sc="5" el="61" ec="5" bec="0" bev="0" fileid="2" />
                <SequencePoint vc="0" uspid="3773" ordinal="0" offset="44" sl="62" sc="9" el="62" ec="9" bec="0" bev="0" fileid="2" />
                <SequencePoint vc="0" uspid="3774" ordinal="0" offset="51" sl="63" sc="9" el="63" ec="9" bec="0" bev="0" fileid="2" />
                <SequencePoint vc="0" uspid="3775" ordinal="0" offset="58" sl="64" sc="9" el="64" ec="9" bec="0" bev="0" fileid="2" />
                <SequencePoint vc="0" uspid="3776" ordinal="0" offset="65" sl="65" sc="9" el="65" ec="9" bec="0" bev="0" fileid="2" />
                <SequencePoint vc="0" uspid="3777" ordinal="0" offset="73" sl="66" sc="9" el="66" ec="9" bec="0" bev="0" fileid="2" />
                <SequencePoint vc="0" uspid="3778" ordinal="0" offset="81" sl="67" sc="9" el="67" ec="9" bec="0" bev="0" fileid="2" />
                <SequencePoint vc="0" uspid="3779" ordinal="0" offset="89" sl="68" sc="9" el="68" ec="9" bec="0" bev="0" fileid="2" />
                <SequencePoint vc="0" uspid="3780" ordinal="0" offset="97" sl="69" sc="9" el="69" ec="9" bec="0" bev="0" fileid="2" />
                <SequencePoint vc="0" uspid="3781" ordinal="0" offset="105" sl="70" sc="9" el="70" ec="9" bec="0" bev="0" fileid="2" />
                <SequencePoint vc="0" uspid="3782" ordinal="0" offset="113" sl="71" sc="9" el="71" ec="9" bec="0" bev="0" fileid="2" />
                <SequencePoint vc="0" uspid="3783" ordinal="0" offset="121" sl="72" sc="9" el="72" ec="9" bec="0" bev="0" fileid="2" />
                <SequencePoint vc="0" uspid="3784" ordinal="0" offset="129" sl="73" sc="5" el="73" ec="5" bec="0" bev="0" fileid="2" />
              </SequencePoints>
              <BranchPoints />
            </Method>
            <Method visited="false" cyclomaticComplexity="0" nPathComplexity="0" sequenceCoverage="0.0" branchCoverage="0" crapScore="0" isConstructor="true" isStatic="false" isGetter="false" isSetter="false">
              <Summary numSequencePoints="108" visitedSequencePoints="0" numBranchPoints="0" visitedBranchPoints="0" sequenceCoverage="0.0" branchCoverage="0" maxCyclomaticComplexity="0" minCyclomaticComplexity="0" maxCrapScore="0" minCrapScore="0" visitedClasses="0" numClasses="0" visitedMethods="0" numMethods="1" />
              <MetadataToken>100663301</MetadataToken>
              <Name>BoardState::BoardState(System.String)</Name>
              <FileRef uid="2" />
              <SequencePoints>
                <SequencePoint vc="0" uspid="3785" ordinal="0" offset="0" sl="12" sc="0" el="12" ec="0" bec="0" bev="0" fileid="2" />
                <SequencePoint vc="0" uspid="3786" ordinal="0" offset="7" sl="27" sc="0" el="27" ec="0" bec="0" bev="0" fileid="2" />
                <SequencePoint vc="0" uspid="3787" ordinal="0" offset="18" sl="28" sc="0" el="28" ec="0" bec="0" bev="0" fileid="2" />
                <SequencePoint vc="0" uspid="3788" ordinal="0" offset="29" sl="38" sc="0" el="38" ec="0" bec="0" bev="0" fileid="2" />
                <SequencePoint vc="0" uspid="3789" ordinal="0" offset="36" sl="76" sc="0" el="76" ec="0" bec="0" bev="0" fileid="2" />
                <SequencePoint vc="0" uspid="3790" ordinal="0" offset="43" sl="77" sc="0" el="77" ec="0" bec="0" bev="0" fileid="2" />
                <SequencePoint vc="0" uspid="3791" ordinal="0" offset="44" sl="78" sc="0" el="78" ec="0" bec="0" bev="0" fileid="2" />
                <SequencePoint vc="0" uspid="3792" ordinal="0" offset="62" sl="79" sc="0" el="79" ec="0" bec="0" bev="0" fileid="2" />
                <SequencePoint vc="0" uspid="3793" ordinal="0" offset="85" sl="81" sc="0" el="81" ec="0" bec="0" bev="0" fileid="2" />
                <SequencePoint vc="0" uspid="3794" ordinal="0" offset="87" sl="82" sc="0" el="82" ec="0" bec="0" bev="0" fileid="2" />
                <SequencePoint vc="0" uspid="3795" ordinal="0" offset="94" sl="83" sc="0" el="83" ec="0" bec="0" bev="0" fileid="2" />
                <SequencePoint vc="0" uspid="3796" ordinal="0" offset="101" sl="84" sc="0" el="84" ec="0" bec="0" bev="0" fileid="2" />
                <SequencePoint vc="0" uspid="3797" ordinal="0" offset="102" sl="85" sc="0" el="85" ec="0" bec="0" bev="0" fileid="2" />
                <SequencePoint vc="0" uspid="3798" ordinal="0" offset="113" sl="86" sc="0" el="86" ec="0" bec="0" bev="0" fileid="2" />
                <SequencePoint vc="0" uspid="3799" ordinal="0" offset="128" sl="87" sc="0" el="87" ec="0" bec="0" bev="0" fileid="2" />
                <SequencePoint vc="0" uspid="3800" ordinal="0" offset="129" sl="88" sc="0" el="88" ec="0" bec="0" bev="0" fileid="2" />
                <SequencePoint vc="0" uspid="3801" ordinal="0" offset="133" sl="89" sc="0" el="89" ec="0" bec="0" bev="0" fileid="2" />
                <SequencePoint vc="0" uspid="3802" ordinal="0" offset="135" sl="90" sc="0" el="90" ec="0" bec="0" bev="0" fileid="2" />
                <SequencePoint vc="0" uspid="3803" ordinal="0" offset="141" sl="91" sc="0" el="91" ec="0" bec="0" bev="0" fileid="2" />
                <SequencePoint vc="0" uspid="3804" ordinal="0" offset="154" sl="92" sc="0" el="92" ec="0" bec="0" bev="0" fileid="2" />
                <SequencePoint vc="0" uspid="3805" ordinal="0" offset="155" sl="93" sc="0" el="93" ec="0" bec="0" bev="0" fileid="2" />
                <SequencePoint vc="0" uspid="3806" ordinal="0" offset="160" sl="94" sc="0" el="94" ec="0" bec="0" bev="0" fileid="2" />
                <SequencePoint vc="0" uspid="3807" ordinal="0" offset="166" sl="95" sc="0" el="95" ec="0" bec="0" bev="0" fileid="2" />
                <SequencePoint vc="0" uspid="3808" ordinal="0" offset="181" sl="96" sc="0" el="96" ec="0" bec="0" bev="0" fileid="2" />
                <SequencePoint vc="0" uspid="3809" ordinal="0" offset="182" sl="97" sc="0" el="97" ec="0" bec="0" bev="0" fileid="2" />
                <SequencePoint vc="0" uspid="3810" ordinal="0" offset="187" sl="100" sc="0" el="100" ec="0" bec="0" bev="0" fileid="2" />
                <SequencePoint vc="0" uspid="3811" ordinal="0" offset="188" sl="102" sc="0" el="102" ec="0" bec="0" bev="0" fileid="2" />
                <SequencePoint vc="0" uspid="3812" ordinal="0" offset="197" sl="103" sc="0" el="103" ec="0" bec="0" bev="0" fileid="2" />
                <SequencePoint vc="0" uspid="3813" ordinal="0" offset="204" sl="104" sc="0" el="104" ec="0" bec="0" bev="0" fileid="2" />
                <SequencePoint vc="0" uspid="3814" ordinal="0" offset="217" sl="105" sc="0" el="105" ec="0" bec="0" bev="0" fileid="2" />
                <SequencePoint vc="0" uspid="3815" ordinal="0" offset="218" sl="106" sc="0" el="106" ec="0" bec="0" bev="0" fileid="2" />
                <SequencePoint vc="0" uspid="3816" ordinal="0" offset="225" sl="107" sc="0" el="107" ec="0" bec="0" bev="0" fileid="2" />
                <SequencePoint vc="0" uspid="3817" ordinal="0" offset="226" sl="108" sc="0" el="108" ec="0" bec="0" bev="0" fileid="2" />
                <SequencePoint vc="0" uspid="3818" ordinal="0" offset="294" sl="111" sc="0" el="111" ec="0" bec="0" bev="0" fileid="2" />
                <SequencePoint vc="0" uspid="3819" ordinal="0" offset="305" sl="112" sc="0" el="112" ec="0" bec="0" bev="0" fileid="2" />
                <SequencePoint vc="0" uspid="3820" ordinal="0" offset="310" sl="114" sc="0" el="114" ec="0" bec="0" bev="0" fileid="2" />
                <SequencePoint vc="0" uspid="3821" ordinal="0" offset="321" sl="115" sc="0" el="115" ec="0" bec="0" bev="0" fileid="2" />
                <SequencePoint vc="0" uspid="3822" ordinal="0" offset="326" sl="117" sc="0" el="117" ec="0" bec="0" bev="0" fileid="2" />
                <SequencePoint vc="0" uspid="3823" ordinal="0" offset="337" sl="118" sc="0" el="118" ec="0" bec="0" bev="0" fileid="2" />
                <SequencePoint vc="0" uspid="3824" ordinal="0" offset="339" sl="120" sc="0" el="120" ec="0" bec="0" bev="0" fileid="2" />
                <SequencePoint vc="0" uspid="3825" ordinal="0" offset="350" sl="121" sc="0" el="121" ec="0" bec="0" bev="0" fileid="2" />
                <SequencePoint vc="0" uspid="3826" ordinal="0" offset="352" sl="123" sc="0" el="123" ec="0" bec="0" bev="0" fileid="2" />
                <SequencePoint vc="0" uspid="3827" ordinal="0" offset="363" sl="124" sc="0" el="124" ec="0" bec="0" bev="0" fileid="2" />
                <SequencePoint vc="0" uspid="3828" ordinal="0" offset="365" sl="126" sc="0" el="126" ec="0" bec="0" bev="0" fileid="2" />
                <SequencePoint vc="0" uspid="3829" ordinal="0" offset="376" sl="128" sc="0" el="128" ec="0" bec="0" bev="0" fileid="2" />
                <SequencePoint vc="0" uspid="3830" ordinal="0" offset="396" sl="129" sc="0" el="129" ec="0" bec="0" bev="0" fileid="2" />
                <SequencePoint vc="0" uspid="3831" ordinal="0" offset="397" sl="130" sc="0" el="130" ec="0" bec="0" bev="0" fileid="2" />
                <SequencePoint vc="0" uspid="3832" ordinal="0" offset="410" sl="131" sc="0" el="131" ec="0" bec="0" bev="0" fileid="2" />
                <SequencePoint vc="0" uspid="3833" ordinal="0" offset="413" sl="132" sc="0" el="132" ec="0" bec="0" bev="0" fileid="2" />
                <SequencePoint vc="0" uspid="3834" ordinal="0" offset="433" sl="133" sc="0" el="133" ec="0" bec="0" bev="0" fileid="2" />
                <SequencePoint vc="0" uspid="3835" ordinal="0" offset="434" sl="134" sc="0" el="134" ec="0" bec="0" bev="0" fileid="2" />
                <SequencePoint vc="0" uspid="3836" ordinal="0" offset="447" sl="135" sc="0" el="135" ec="0" bec="0" bev="0" fileid="2" />
                <SequencePoint vc="0" uspid="3837" ordinal="0" offset="448" sl="136" sc="0" el="136" ec="0" bec="0" bev="0" fileid="2" />
                <SequencePoint vc="0" uspid="3838" ordinal="0" offset="450" sl="138" sc="0" el="138" ec="0" bec="0" bev="0" fileid="2" />
                <SequencePoint vc="0" uspid="3839" ordinal="0" offset="461" sl="142" sc="0" el="142" ec="0" bec="0" bev="0" fileid="2" />
                <SequencePoint vc="0" uspid="3840" ordinal="0" offset="480" sl="143" sc="0" el="143" ec="0" bec="0" bev="0" fileid="2" />
                <SequencePoint vc="0" uspid="3841" ordinal="0" offset="484" sl="144" sc="0" el="144" ec="0" bec="0" bev="0" fileid="2" />
                <SequencePoint vc="0" uspid="3842" ordinal="0" offset="485" sl="145" sc="0" el="145" ec="0" bec="0" bev="0" fileid="2" />
                <SequencePoint vc="0" uspid="3843" ordinal="0" offset="486" sl="83" sc="0" el="83" ec="0" bec="0" bev="0" fileid="2" />
                <SequencePoint vc="0" uspid="3844" ordinal="0" offset="490" sl="83" sc="0" el="83" ec="0" bec="0" bev="0" fileid="2" />
                <SequencePoint vc="0" uspid="3845" ordinal="0" offset="510" sl="148" sc="0" el="148" ec="0" bec="0" bev="0" fileid="2" />
                <SequencePoint vc="0" uspid="3846" ordinal="0" offset="529" sl="149" sc="0" el="149" ec="0" bec="0" bev="0" fileid="2" />
                <SequencePoint vc="0" uspid="3847" ordinal="0" offset="530" sl="150" sc="0" el="150" ec="0" bec="0" bev="0" fileid="2" />
                <SequencePoint vc="0" uspid="3848" ordinal="0" offset="541" sl="151" sc="0" el="151" ec="0" bec="0" bev="0" fileid="2" />
                <SequencePoint vc="0" uspid="3849" ordinal="0" offset="544" sl="153" sc="0" el="153" ec="0" bec="0" bev="0" fileid="2" />
                <SequencePoint vc="0" uspid="3850" ordinal="0" offset="545" sl="154" sc="0" el="154" ec="0" bec="0" bev="0" fileid="2" />
                <SequencePoint vc="0" uspid="3851" ordinal="0" offset="556" sl="155" sc="0" el="155" ec="0" bec="0" bev="0" fileid="2" />
                <SequencePoint vc="0" uspid="3852" ordinal="0" offset="557" sl="158" sc="0" el="158" ec="0" bec="0" bev="0" fileid="2" />
                <SequencePoint vc="0" uspid="3853" ordinal="0" offset="576" sl="159" sc="0" el="159" ec="0" bec="0" bev="0" fileid="2" />
                <SequencePoint vc="0" uspid="3854" ordinal="0" offset="577" sl="160" sc="0" el="160" ec="0" bec="0" bev="0" fileid="2" />
[...]
                <SequencePoint vc="0" uspid="5127" ordinal="0" offset="82" sl="126" sc="0" el="126" ec="0" bec="0" bev="0" fileid="26" />
                <SequencePoint vc="0" uspid="5128" ordinal="0" offset="83" sl="127" sc="0" el="127" ec="0" bec="0" bev="0" fileid="26" />
                <SequencePoint vc="0" uspid="5129" ordinal="0" offset="91" sl="128" sc="0" el="128" ec="0" bec="0" bev="0" fileid="26" />
                <SequencePoint vc="0" uspid="5130" ordinal="0" offset="92" sl="129" sc="0" el="129" ec="0" bec="0" bev="0" fileid="26" />
                <SequencePoint vc="0" uspid="5131" ordinal="0" offset="93" sl="130" sc="0" el="130" ec="0" bec="0" bev="0" fileid="26" />
              </SequencePoints>
              <BranchPoints />
            </Method>
          </Methods>
        </Class>
        <Class>
          <Summary numSequencePoints="19" visitedSequencePoints="0" numBranchPoints="0" visitedBranchPoints="0" sequenceCoverage="0.0" branchCoverage="0.0" maxCyclomaticComplexity="0" minCyclomaticComplexity="0" maxCrapScore="0" minCrapScore="0" visitedClasses="0" numClasses="1" visitedMethods="0" numMethods="2" />
          <FullName>StateManager</FullName>
          <Methods>
            <Method visited="false" cyclomaticComplexity="0" nPathComplexity="0" sequenceCoverage="0.0" branchCoverage="0" crapScore="0" isConstructor="false" isStatic="true" isGetter="false" isSetter="false">
              <Summary numSequencePoints="8" visitedSequencePoints="0" numBranchPoints="0" visitedBranchPoints="0" sequenceCoverage="0.0" branchCoverage="0" maxCyclomaticComplexity="0" minCyclomaticComplexity="0" maxCrapScore="0" minCrapScore="0" visitedClasses="0" numClasses="0" visitedMethods="0" numMethods="1" />
              <MetadataToken>100663490</MetadataToken>
              <Name>static System.Void StateManager::Init()</Name>
              <FileRef uid="27" />
              <SequencePoints>
                <SequencePoint vc="0" uspid="5132" ordinal="0" offset="0" sl="14" sc="0" el="14" ec="0" bec="0" bev="0" fileid="27" />
                <SequencePoint vc="0" uspid="5133" ordinal="0" offset="1" sl="15" sc="0" el="15" ec="0" bec="0" bev="0" fileid="27" />
                <SequencePoint vc="0" uspid="5134" ordinal="0" offset="21" sl="16" sc="0" el="16" ec="0" bec="0" bev="0" fileid="27" />
                <SequencePoint vc="0" uspid="5135" ordinal="0" offset="31" sl="17" sc="0" el="17" ec="0" bec="0" bev="0" fileid="27" />
                <SequencePoint vc="0" uspid="5136" ordinal="0" offset="42" sl="18" sc="0" el="18" ec="0" bec="0" bev="0" fileid="27" />
                <SequencePoint vc="0" uspid="5137" ordinal="0" offset="53" sl="19" sc="0" el="19" ec="0" bec="0" bev="0" fileid="27" />
                <SequencePoint vc="0" uspid="5138" ordinal="0" offset="64" sl="20" sc="0" el="20" ec="0" bec="0" bev="0" fileid="27" />
                <SequencePoint vc="0" uspid="5139" ordinal="0" offset="70" sl="21" sc="0" el="21" ec="0" bec="0" bev="0" fileid="27" />
              </SequencePoints>
              <BranchPoints />
            </Method>
            <Method visited="false" cyclomaticComplexity="0" nPathComplexity="0" sequenceCoverage="0.0" branchCoverage="0" crapScore="0" isConstructor="false" isStatic="true" isGetter="false" isSetter="false">
              <Summary numSequencePoints="11" visitedSequencePoints="0" numBranchPoints="0" visitedBranchPoints="0" sequenceCoverage="0.0" branchCoverage="0" maxCyclomaticComplexity="0" minCyclomaticComplexity="0" maxCrapScore="0" minCrapScore="0" visitedClasses="0" numClasses="0" visitedMethods="0" numMethods="1" />
              <MetadataToken>100663491</MetadataToken>
              <Name>static GameState StateManager::OpenState(GameState)</Name>
              <FileRef uid="27" />
              <SequencePoints>
                <SequencePoint vc="0" uspid="5140" ordinal="0" offset="0" sl="25" sc="0" el="25" ec="0" bec="0" bev="0" fileid="27" />
                <SequencePoint vc="0" uspid="5141" ordinal="0" offset="1" sl="26" sc="0" el="26" ec="0" bec="0" bev="0" fileid="27" />
                <SequencePoint vc="0" uspid="5142" ordinal="0" offset="13" sl="26" sc="0" el="26" ec="0" bec="0" bev="0" fileid="27" />
                <SequencePoint vc="0" uspid="5143" ordinal="0" offset="14" sl="26" sc="0" el="26" ec="0" bec="0" bev="0" fileid="27" />
                <SequencePoint vc="0" uspid="5144" ordinal="0" offset="20" sl="26" sc="0" el="26" ec="0" bec="0" bev="0" fileid="27" />
                <SequencePoint vc="0" uspid="5145" ordinal="0" offset="21" sl="27" sc="0" el="27" ec="0" bec="0" bev="0" fileid="27" />
                <SequencePoint vc="0" uspid="5146" ordinal="0" offset="27" sl="28" sc="0" el="28" ec="0" bec="0" bev="0" fileid="27" />
                <SequencePoint vc="0" uspid="5147" ordinal="0" offset="34" sl="29" sc="0" el="29" ec="0" bec="0" bev="0" fileid="27" />
                <SequencePoint vc="0" uspid="5148" ordinal="0" offset="41" sl="30" sc="0" el="30" ec="0" bec="0" bev="0" fileid="27" />
                <SequencePoint vc="0" uspid="5149" ordinal="0" offset="47" sl="31" sc="0" el="31" ec="0" bec="0" bev="0" fileid="27" />
                <SequencePoint vc="0" uspid="5150" ordinal="0" offset="51" sl="32" sc="0" el="32" ec="0" bec="0" bev="0" fileid="27" />
              </SequencePoints>
              <BranchPoints />
            </Method>
          </Methods>
        </Class>
        <Class>
          <Summary numSequencePoints="19" visitedSequencePoints="0" numBranchPoints="0" visitedBranchPoints="0" sequenceCoverage="0.0" branchCoverage="0.0" maxCyclomaticComplexity="0" minCyclomaticComplexity="0" maxCrapScore="0" minCrapScore="0" visitedClasses="0" numClasses="1" visitedMethods="0" numMethods="4" />
          <FullName>Team</FullName>
          <Methods>
            <Method visited="false" cyclomaticComplexity="0" nPathComplexity="0" sequenceCoverage="0.0" branchCoverage="0" crapScore="0" isConstructor="false" isStatic="false" isGetter="false" isSetter="false">
              <Summary numSequencePoints="3" visitedSequencePoints="0" numBranchPoints="0" visitedBranchPoints="0" sequenceCoverage="0.0" branchCoverage="0" maxCyclomaticComplexity="0" minCyclomaticComplexity="0" maxCrapScore="0" minCrapScore="0" visitedClasses="0" numClasses="0" visitedMethods="0" numMethods="1" />
              <MetadataToken>100663493</MetadataToken>
              <Name>System.String Team::ToString()</Name>
              <FileRef uid="28" />
              <SequencePoints>
                <SequencePoint vc="0" uspid="5151" ordinal="0" offset="0" sl="29" sc="5" el="29" ec="5" bec="0" bev="0" fileid="28" />
                <SequencePoint vc="0" uspid="5152" ordinal="0" offset="1" sl="30" sc="9" el="30" ec="9" bec="0" bev="0" fileid="28" />
                <SequencePoint vc="0" uspid="5153" ordinal="0" offset="21" sl="31" sc="5" el="31" ec="5" bec="0" bev="0" fileid="28" />
              </SequencePoints>
              <BranchPoints />
            </Method>
            <Method visited="false" cyclomaticComplexity="0" nPathComplexity="0" sequenceCoverage="0.0" branchCoverage="0" crapScore="0" isConstructor="false" isStatic="false" isGetter="false" isSetter="false">
              <Summary numSequencePoints="10" visitedSequencePoints="0" numBranchPoints="0" visitedBranchPoints="0" sequenceCoverage="0.0" branchCoverage="0" maxCyclomaticComplexity="0" minCyclomaticComplexity="0" maxCrapScore="0" minCrapScore="0" visitedClasses="0" numClasses="0" visitedMethods="0" numMethods="1" />
              <MetadataToken>100663494</MetadataToken>
              <Name>Team Team::nextTeam()</Name>
              <FileRef uid="28" />
              <SequencePoints>
                <SequencePoint vc="0" uspid="5154" ordinal="0" offset="0" sl="34" sc="5" el="34" ec="5" bec="0" bev="0" fileid="28" />
                <SequencePoint vc="0" uspid="5155" ordinal="0" offset="1" sl="35" sc="9" el="35" ec="9" bec="0" bev="0" fileid="28" />
                <SequencePoint vc="0" uspid="5156" ordinal="0" offset="13" sl="36" sc="9" el="36" ec="9" bec="0" bev="0" fileid="28" />
                <SequencePoint vc="0" uspid="5157" ordinal="0" offset="14" sl="37" sc="13" el="37" ec="13" bec="0" bev="0" fileid="28" />
                <SequencePoint vc="0" uspid="5158" ordinal="0" offset="22" sl="39" sc="14" el="39" ec="14" bec="0" bev="0" fileid="28" />
                <SequencePoint vc="0" uspid="5159" ordinal="0" offset="34" sl="40" sc="9" el="40" ec="9" bec="0" bev="0" fileid="28" />
                <SequencePoint vc="0" uspid="5160" ordinal="0" offset="35" sl="41" sc="13" el="41" ec="13" bec="0" bev="0" fileid="28" />
                <SequencePoint vc="0" uspid="5161" ordinal="0" offset="43" sl="43" sc="9" el="43" ec="9" bec="0" bev="0" fileid="28" />
                <SequencePoint vc="0" uspid="5162" ordinal="0" offset="55" sl="44" sc="9" el="44" ec="9" bec="0" bev="0" fileid="28" />
                <SequencePoint vc="0" uspid="5163" ordinal="0" offset="66" sl="45" sc="5" el="45" ec="5" bec="0" bev="0" fileid="28" />
              </SequencePoints>
              <BranchPoints />
            </Method>
            <Method visited="false" cyclomaticComplexity="0" nPathComplexity="0" sequenceCoverage="0.0" branchCoverage="0" crapScore="0" isConstructor="true" isStatic="false" isGetter="false" isSetter="false">
              <Summary numSequencePoints="4" visitedSequencePoints="0" numBranchPoints="0" visitedBranchPoints="0" sequenceCoverage="0.0" branchCoverage="0" maxCyclomaticComplexity="0" minCyclomaticComplexity="0" maxCrapScore="0" minCrapScore="0" visitedClasses="0" numClasses="0" visitedMethods="0" numMethods="1" />
              <MetadataToken>100663492</MetadataToken>
              <Name>Team::Team(Team/myTeam)</Name>
              <FileRef uid="28" />
              <SequencePoints>
                <SequencePoint vc="0" uspid="5164" ordinal="0" offset="0" sl="20" sc="5" el="20" ec="5" bec="0" bev="0" fileid="28" />
                <SequencePoint vc="0" uspid="5165" ordinal="0" offset="7" sl="21" sc="5" el="21" ec="5" bec="0" bev="0" fileid="28" />
                <SequencePoint vc="0" uspid="5166" ordinal="0" offset="8" sl="22" sc="9" el="22" ec="9" bec="0" bev="0" fileid="28" />
                <SequencePoint vc="0" uspid="5167" ordinal="0" offset="15" sl="23" sc="5" el="23" ec="5" bec="0" bev="0" fileid="28" />
              </SequencePoints>
              <BranchPoints />
            </Method>
            <Method visited="false" cyclomaticComplexity="0" nPathComplexity="0" sequenceCoverage="0.0" branchCoverage="0" crapScore="0" isConstructor="true" isStatic="true" isGetter="false" isSetter="false">
              <Summary numSequencePoints="2" visitedSequencePoints="0" numBranchPoints="0" visitedBranchPoints="0" sequenceCoverage="0.0" branchCoverage="0" maxCyclomaticComplexity="0" minCyclomaticComplexity="0" maxCrapScore="0" minCrapScore="0" visitedClasses="0" numClasses="0" visitedMethods="0" numMethods="1" />
              <MetadataToken>100663495</MetadataToken>
              <Name>static Team::Team()</Name>
              <FileRef uid="28" />
              <SequencePoints>
                <SequencePoint vc="0" uspid="5168" ordinal="0" offset="0" sl="16" sc="5" el="16" ec="5" bec="0" bev="0" fileid="28" />
                <SequencePoint vc="0" uspid="5169" ordinal="0" offset="11" sl="17" sc="5" el="17" ec="5" bec="0" bev="0" fileid="28" />
              </SequencePoints>
              <BranchPoints />
            </Method>
          </Methods>
        </Class>
        <Class>
          <Summary numSequencePoints="6" visitedSequencePoints="0" numBranchPoints="0" visitedBranchPoints="0" sequenceCoverage="0.0" branchCoverage="0.0" maxCyclomaticComplexity="0" minCyclomaticComplexity="0" maxCrapScore="0" minCrapScore="0" visitedClasses="0" numClasses="1" visitedMethods="0" numMethods="2" />
          <FullName>tileScript</FullName>
          <Methods>
            <Method visited="false" cyclomaticComplexity="0" nPathComplexity="0" sequenceCoverage="0.0" branchCoverage="0" crapScore="0" isConstructor="false" isStatic="false" isGetter="false" isSetter="false">
              <Summary numSequencePoints="3" visitedSequencePoints="0" numBranchPoints="0" visitedBranchPoints="0" sequenceCoverage="0.0" branchCoverage="0" maxCyclomaticComplexity="0" minCyclomaticComplexity="0" maxCrapScore="0" minCrapScore="0" visitedClasses="0" numClasses="0" visitedMethods="0" numMethods="1" />
              <MetadataToken>100663496</MetadataToken>
              <Name>System.Void tileScript::setMove(Move)</Name>
              <FileRef uid="29" />
              <SequencePoints>
                <SequencePoint vc="0" uspid="5170" ordinal="0" offset="0" sl="11" sc="0" el="11" ec="0" bec="0" bev="0" fileid="29" />
                <SequencePoint vc="0" uspid="5171" ordinal="0" offset="1" sl="12" sc="0" el="12" ec="0" bec="0" bev="0" fileid="29" />
                <SequencePoint vc="0" uspid="5172" ordinal="0" offset="8" sl="13" sc="0" el="13" ec="0" bec="0" bev="0" fileid="29" />
              </SequencePoints>
              <BranchPoints />
            </Method>
            <Method visited="false" cyclomaticComplexity="0" nPathComplexity="0" sequenceCoverage="0.0" branchCoverage="0" crapScore="0" isConstructor="false" isStatic="false" isGetter="false" isSetter="false">
              <Summary numSequencePoints="3" visitedSequencePoints="0" numBranchPoints="0" visitedBranchPoints="0" sequenceCoverage="0.0" branchCoverage="0" maxCyclomaticComplexity="0" minCyclomaticComplexity="0" maxCrapScore="0" minCrapScore="0" visitedClasses="0" numClasses="0" visitedMethods="0" numMethods="1" />
              <MetadataToken>100663497</MetadataToken>
              <Name>Move tileScript::getMove()</Name>
              <FileRef uid="29" />
              <SequencePoints>
                <SequencePoint vc="0" uspid="5173" ordinal="0" offset="0" sl="17" sc="0" el="17" ec="0" bec="0" bev="0" fileid="29" />
                <SequencePoint vc="0" uspid="5174" ordinal="0" offset="1" sl="18" sc="0" el="18" ec="0" bec="0" bev="0" fileid="29" />
                <SequencePoint vc="0" uspid="5175" ordinal="0" offset="10" sl="19" sc="0" el="19" ec="0" bec="0" bev="0" fileid="29" />
              </SequencePoints>
              <BranchPoints />
            </Method>
          </Methods>
        </Class>
        <Class>
          <Summary numSequencePoints="13" visitedSequencePoints="0" numBranchPoints="0" visitedBranchPoints="0" sequenceCoverage="0.0" branchCoverage="0.0" maxCyclomaticComplexity="0" minCyclomaticComplexity="0" maxCrapScore="0" minCrapScore="0" visitedClasses="0" numClasses="1" visitedMethods="0" numMethods="1" />
          <FullName>Game/&lt;&gt;c__DisplayClass18_0</FullName>
          <Methods>
            <Method visited="false" cyclomaticComplexity="0" nPathComplexity="0" sequenceCoverage="0.0" branchCoverage="0" crapScore="0" isConstructor="false" isStatic="false" isGetter="false" isSetter="false">
              <Summary numSequencePoints="13" visitedSequencePoints="0" numBranchPoints="0" visitedBranchPoints="0" sequenceCoverage="0.0" branchCoverage="0" maxCyclomaticComplexity="0" minCyclomaticComplexity="0" maxCrapScore="0" minCrapScore="0" visitedClasses="0" numClasses="0" visitedMethods="0" numMethods="1" />
              <MetadataToken>100663500</MetadataToken>
              <Name>System.Void Game/&lt;&gt;c__DisplayClass18_0::&lt;enemyTurn&gt;b__0()</Name>
              <FileRef uid="6" />
              <SequencePoints>
                <SequencePoint vc="0" uspid="5176" ordinal="0" offset="0" sl="190" sc="0" el="190" ec="0" bec="0" bev="0" fileid="6" />
                <SequencePoint vc="0" uspid="5177" ordinal="0" offset="1" sl="194" sc="0" el="194" ec="0" bec="0" bev="0" fileid="6" />
                <SequencePoint vc="0" uspid="5178" ordinal="0" offset="34" sl="195" sc="0" el="195" ec="0" bec="0" bev="0" fileid="6" />
                <SequencePoint vc="0" uspid="5179" ordinal="0" offset="52" sl="196" sc="0" el="196" ec="0" bec="0" bev="0" fileid="6" />
                <SequencePoint vc="0" uspid="5180" ordinal="0" offset="53" sl="197" sc="0" el="197" ec="0" bec="0" bev="0" fileid="6" />
                <SequencePoint vc="0" uspid="5181" ordinal="0" offset="77" sl="198" sc="0" el="198" ec="0" bec="0" bev="0" fileid="6" />
                <SequencePoint vc="0" uspid="5182" ordinal="0" offset="90" sl="199" sc="0" el="199" ec="0" bec="0" bev="0" fileid="6" />
                <SequencePoint vc="0" uspid="5183" ordinal="0" offset="93" sl="201" sc="0" el="201" ec="0" bec="0" bev="0" fileid="6" />
                <SequencePoint vc="0" uspid="5184" ordinal="0" offset="94" sl="202" sc="0" el="202" ec="0" bec="0" bev="0" fileid="6" />
                <SequencePoint vc="0" uspid="5185" ordinal="0" offset="128" sl="203" sc="0" el="203" ec="0" bec="0" bev="0" fileid="6" />
                <SequencePoint vc="0" uspid="5186" ordinal="0" offset="153" sl="204" sc="0" el="204" ec="0" bec="0" bev="0" fileid="6" />
                <SequencePoint vc="0" uspid="5187" ordinal="0" offset="167" sl="205" sc="0" el="205" ec="0" bec="0" bev="0" fileid="6" />
                <SequencePoint vc="0" uspid="5188" ordinal="0" offset="168" sl="206" sc="0" el="206" ec="0" bec="0" bev="0" fileid="6" />
              </SequencePoints>
              <BranchPoints />
            </Method>
          </Methods>
        </Class>
        <Class>
          <Summary numSequencePoints="8" visitedSequencePoints="0" numBranchPoints="0" visitedBranchPoints="0" sequenceCoverage="0.0" branchCoverage="0.0" maxCyclomaticComplexity="0" minCyclomaticComplexity="0" maxCrapScore="0" minCrapScore="0" visitedClasses="0" numClasses="1" visitedMethods="0" numMethods="1" />
          <FullName>Game/&lt;enemyTurn&gt;d__18</FullName>
          <Methods>
            <Method visited="false" cyclomaticComplexity="0" nPathComplexity="0" sequenceCoverage="0.0" branchCoverage="0" crapScore="0" isConstructor="false" isStatic="false" isGetter="false" isSetter="false">
              <Summary numSequencePoints="8" visitedSequencePoints="0" numBranchPoints="0" visitedBranchPoints="0" sequenceCoverage="0.0" branchCoverage="0" maxCyclomaticComplexity="0" minCyclomaticComplexity="0" maxCrapScore="0" minCrapScore="0" visitedClasses="0" numClasses="0" visitedMethods="0" numMethods="1" />
              <MetadataToken>100663502</MetadataToken>
              <Name>System.Void Game/&lt;enemyTurn&gt;d__18::MoveNext()</Name>
              <FileRef uid="6" />
              <SequencePoints>
                <SequencePoint vc="0" uspid="5189" ordinal="0" offset="45" sl="186" sc="0" el="186" ec="0" bec="0" bev="0" fileid="6" />
                <SequencePoint vc="0" uspid="5190" ordinal="0" offset="46" sl="187" sc="0" el="187" ec="0" bec="0" bev="0" fileid="6" />
                <SequencePoint vc="0" uspid="5191" ordinal="0" offset="58" sl="188" sc="0" el="188" ec="0" bec="0" bev="0" fileid="6" />
                <SequencePoint vc="0" uspid="5192" ordinal="0" offset="70" sl="189" sc="0" el="189" ec="0" bec="0" bev="0" fileid="6" />
                <SequencePoint vc="0" uspid="5193" ordinal="0" offset="182" sl="207" sc="0" el="207" ec="0" bec="0" bev="0" fileid="6" />
                <SequencePoint vc="0" uspid="5194" ordinal="0" offset="205" sl="208" sc="0" el="208" ec="0" bec="0" bev="0" fileid="6" />
                <SequencePoint vc="0" uspid="5195" ordinal="0" offset="217" sl="209" sc="0" el="209" ec="0" bec="0" bev="0" fileid="6" />
                <SequencePoint vc="0" uspid="5196" ordinal="0" offset="262" sl="210" sc="0" el="210" ec="0" bec="0" bev="0" fileid="6" />
              </SequencePoints>
              <BranchPoints />
            </Method>
          </Methods>
        </Class>
      </Classes>
    </Module>
  </Modules>
</CoverageSession>