<?xml version="1.0" encoding="utf-8"?>
<CoverageSession xmlns:xsd="http://www.w3.org/2001/XMLSchema" xmlns:xsi="http://www.w3.org/2001/XMLSchema-instance" Version="0.0.0.0">
  <Summary numSequencePoints="16" visitedSequencePoints="12" numBranchPoints="0" visitedBranchPoints="0" sequenceCoverage="75.00" branchCoverage="0.0" maxCyclomaticComplexity="0" minCyclomaticComplexity="0" maxCrapScore="0" minCrapScore="0" visitedClasses="1" numClasses="1" visitedMethods="3" numMethods="3" />
  <Modules>
    <Module>
      <Summary numSequencePoints="16" visitedSequencePoints="12" numBranchPoints="0" visitedBranchPoints="0" sequenceCoverage="75.00" branchCoverage="0.0" maxCyclomaticComplexity="0" minCyclomaticComplexity="0" maxCrapScore="0" minCrapScore="0" visitedClasses="1" numClasses="1" visitedMethods="3" numMethods="3" />
      <ModuleTime>0001-01-01T00:00:00</ModuleTime>
      <ModuleName>Scripts</ModuleName>
      <Files>
        <File uid="1" fullPath="C:/Users/david/Unity Games/Chess-Plus/Chess+/Assets/Scripts/CMFreeLookOnlyWhenRightMouseDown.cs" />
        <File uid="2" fullPath="C:/Users/david/Unity Games/Chess-Plus/Chess+/Assets/Scripts/Coordinate.cs" />
        <File uid="3" fullPath="C:/Users/david/Unity Games/Chess-Plus/Chess+/Assets/Scripts/Messages.cs" />
        <File uid="4" fullPath="C:/Users/david/Unity Games/Chess-Plus/Chess+/Assets/Scripts/Move Scripts/CastlingMove.cs" />
        <File uid="5" fullPath="C:/Users/david/Unity Games/Chess-Plus/Chess+/Assets/Scripts/Move Scripts/EnPassantMove.cs" />
        <File uid="6" fullPath="C:/Users/david/Unity Games/Chess-Plus/Chess+/Assets/Scripts/Move Scripts/Move.cs" />
        <File uid="7" fullPath="C:/Users/david/Unity Games/Chess-Plus/Chess+/Assets/Scripts/Move Scripts/PawnDoublejump.cs" />
        <File uid="8" fullPath="C:/Users/david/Unity Games/Chess-Plus/Chess+/Assets/Scripts/Move Scripts/PromoteMove.cs" />
        <File uid="9" fullPath="C:/Users/david/Unity Games/Chess-Plus/Chess+/Assets/Scripts/PauseMenu.cs" />
        <File uid="10" fullPath="C:/Users/david/Unity Games/Chess-Plus/Chess+/Assets/Scripts/Piece Scripts/Bishop.cs" />
        <File uid="11" fullPath="C:/Users/david/Unity Games/Chess-Plus/Chess+/Assets/Scripts/Piece Scripts/King.cs" />
        <File uid="12" fullPath="C:/Users/david/Unity Games/Chess-Plus/Chess+/Assets/Scripts/Piece Scripts/Knight.cs" />
        <File uid="13" fullPath="C:/Users/david/Unity Games/Chess-Plus/Chess+/Assets/Scripts/Piece Scripts/Pawn.cs" />
        <File uid="14" fullPath="C:/Users/david/Unity Games/Chess-Plus/Chess+/Assets/Scripts/Piece Scripts/Piece.cs" />
        <File uid="15" fullPath="C:/Users/david/Unity Games/Chess-Plus/Chess+/Assets/Scripts/Piece Scripts/Queen.cs" />
        <File uid="16" fullPath="C:/Users/david/Unity Games/Chess-Plus/Chess+/Assets/Scripts/Piece Scripts/Rook.cs" />
        <File uid="17" fullPath="C:/Users/david/Unity Games/Chess-Plus/Chess+/Assets/Scripts/Prefabs.cs" />
        <File uid="18" fullPath="C:/Users/david/Unity Games/Chess-Plus/Chess+/Assets/Scripts/Processing.cs" />
        <File uid="19" fullPath="C:/Users/david/Unity Games/Chess-Plus/Chess+/Assets/Scripts/PromoteMenu.cs" />
        <File uid="20" fullPath="C:/Users/david/Unity Games/Chess-Plus/Chess+/Assets/Scripts/Team.cs" />
        <File uid="21" fullPath="C:/Users/david/Unity Games/Chess-Plus/Chess+/Assets/Scripts/boardScript.cs" />
        <File uid="22" fullPath="C:/Users/david/Unity Games/Chess-Plus/Chess+/Assets/Scripts/boardState.cs" />
        <File uid="23" fullPath="C:/Users/david/Unity Games/Chess-Plus/Chess+/Assets/Scripts/tileScript.cs" />
      </Files>
      <Classes>
        <Class>
          <Summary numSequencePoints="16" visitedSequencePoints="12" numBranchPoints="0" visitedBranchPoints="0" sequenceCoverage="75.00" branchCoverage="0.0" maxCyclomaticComplexity="0" minCyclomaticComplexity="0" maxCrapScore="0" minCrapScore="0" visitedClasses="1" numClasses="1" visitedMethods="3" numMethods="3" />
          <FullName>Team</FullName>
          <Methods>
            <Method visited="true" cyclomaticComplexity="0" nPathComplexity="0" sequenceCoverage="60.00" branchCoverage="0" crapScore="0" isConstructor="false" isStatic="false" isGetter="false" isSetter="false">
              <Summary numSequencePoints="10" visitedSequencePoints="6" numBranchPoints="0" visitedBranchPoints="0" sequenceCoverage="60.00" branchCoverage="0" maxCyclomaticComplexity="0" minCyclomaticComplexity="0" maxCrapScore="0" minCrapScore="0" visitedClasses="0" numClasses="0" visitedMethods="1" numMethods="1" />
              <MetadataToken>100663421</MetadataToken>
              <Name>Team Team::nextTeam()</Name>
              <FileRef uid="20" />
              <SequencePoints>
                <SequencePoint vc="1" uspid="5649" ordinal="0" offset="0" sl="32" sc="5" el="32" ec="5" bec="0" bev="0" fileid="20">
                  <TrackedMethodRefs>
                    <TrackedMethodRef uid="0" vc="1" />
                  </TrackedMethodRefs>
                </SequencePoint>
                <SequencePoint vc="1" uspid="5650" ordinal="0" offset="1" sl="33" sc="9" el="33" ec="9" bec="0" bev="0" fileid="20">
                  <TrackedMethodRefs>
                    <TrackedMethodRef uid="0" vc="1" />
                  </TrackedMethodRefs>
                </SequencePoint>
                <SequencePoint vc="0" uspid="5651" ordinal="0" offset="13" sl="34" sc="9" el="34" ec="9" bec="0" bev="0" fileid="20">
                  <TrackedMethodRefs>
                    <TrackedMethodRef uid="0" vc="0" />
                  </TrackedMethodRefs>
                </SequencePoint>
                <SequencePoint vc="0" uspid="5652" ordinal="0" offset="14" sl="35" sc="13" el="35" ec="13" bec="0" bev="0" fileid="20">
                  <TrackedMethodRefs>
                    <TrackedMethodRef uid="0" vc="0" />
                  </TrackedMethodRefs>
                </SequencePoint>
                <SequencePoint vc="1" uspid="5653" ordinal="0" offset="22" sl="37" sc="14" el="37" ec="14" bec="0" bev="0" fileid="20">
                  <TrackedMethodRefs>
                    <TrackedMethodRef uid="0" vc="1" />
                  </TrackedMethodRefs>
                </SequencePoint>
                <SequencePoint vc="1" uspid="5654" ordinal="0" offset="34" sl="38" sc="9" el="38" ec="9" bec="0" bev="0" fileid="20">
                  <TrackedMethodRefs>
                    <TrackedMethodRef uid="0" vc="1" />
                  </TrackedMethodRefs>
                </SequencePoint>
                <SequencePoint vc="1" uspid="5655" ordinal="0" offset="35" sl="39" sc="13" el="39" ec="13" bec="0" bev="0" fileid="20">
                  <TrackedMethodRefs>
                    <TrackedMethodRef uid="0" vc="1" />
                  </TrackedMethodRefs>
                </SequencePoint>
                <SequencePoint vc="0" uspid="5656" ordinal="0" offset="43" sl="41" sc="9" el="41" ec="9" bec="0" bev="0" fileid="20">
                  <TrackedMethodRefs>
                    <TrackedMethodRef uid="0" vc="0" />
                  </TrackedMethodRefs>
                </SequencePoint>
                <SequencePoint vc="0" uspid="5657" ordinal="0" offset="55" sl="42" sc="9" el="42" ec="9" bec="0" bev="0" fileid="20">
                  <TrackedMethodRefs>
                    <TrackedMethodRef uid="0" vc="0" />
                  </TrackedMethodRefs>
                </SequencePoint>
                <SequencePoint vc="1" uspid="5658" ordinal="0" offset="66" sl="43" sc="5" el="43" ec="5" bec="0" bev="0" fileid="20">
                  <TrackedMethodRefs>
                    <TrackedMethodRef uid="0" vc="1" />
                  </TrackedMethodRefs>
                </SequencePoint>
              </SequencePoints>
              <BranchPoints />
            </Method>
            <Method visited="true" cyclomaticComplexity="0" nPathComplexity="0" sequenceCoverage="100.0" branchCoverage="0" crapScore="0" isConstructor="true" isStatic="false" isGetter="false" isSetter="false">
              <Summary numSequencePoints="4" visitedSequencePoints="4" numBranchPoints="0" visitedBranchPoints="0" sequenceCoverage="100.0" branchCoverage="0" maxCyclomaticComplexity="0" minCyclomaticComplexity="0" maxCrapScore="0" minCrapScore="0" visitedClasses="0" numClasses="0" visitedMethods="1" numMethods="1" />
              <MetadataToken>100663419</MetadataToken>
              <Name>Team::Team(Team/myTeam)</Name>
              <FileRef uid="20" />
              <SequencePoints>
                <SequencePoint vc="2" uspid="5659" ordinal="0" offset="0" sl="18" sc="5" el="18" ec="5" bec="0" bev="0" fileid="20">
                  <TrackedMethodRefs>
                    <TrackedMethodRef uid="0" vc="2" />
                  </TrackedMethodRefs>
                </SequencePoint>
                <SequencePoint vc="2" uspid="5660" ordinal="0" offset="7" sl="19" sc="5" el="19" ec="5" bec="0" bev="0" fileid="20">
                  <TrackedMethodRefs>
                    <TrackedMethodRef uid="0" vc="2" />
                  </TrackedMethodRefs>
                </SequencePoint>
                <SequencePoint vc="2" uspid="5661" ordinal="0" offset="8" sl="20" sc="9" el="20" ec="9" bec="0" bev="0" fileid="20">
                  <TrackedMethodRefs>
                    <TrackedMethodRef uid="0" vc="2" />
                  </TrackedMethodRefs>
                </SequencePoint>
                <SequencePoint vc="2" uspid="5662" ordinal="0" offset="15" sl="21" sc="5" el="21" ec="5" bec="0" bev="0" fileid="20">
                  <TrackedMethodRefs>
                    <TrackedMethodRef uid="0" vc="2" />
                  </TrackedMethodRefs>
                </SequencePoint>
              </SequencePoints>
              <BranchPoints />
            </Method>
            <Method visited="true" cyclomaticComplexity="0" nPathComplexity="0" sequenceCoverage="100.0" branchCoverage="0" crapScore="0" isConstructor="true" isStatic="true" isGetter="false" isSetter="false">
              <Summary numSequencePoints="2" visitedSequencePoints="2" numBranchPoints="0" visitedBranchPoints="0" sequenceCoverage="100.0" branchCoverage="0" maxCyclomaticComplexity="0" minCyclomaticComplexity="0" maxCrapScore="0" minCrapScore="0" visitedClasses="0" numClasses="0" visitedMethods="1" numMethods="1" />
              <MetadataToken>100663422</MetadataToken>
              <Name>static Team::Team()</Name>
              <FileRef uid="20" />
              <SequencePoints>
                <SequencePoint vc="1" uspid="5663" ordinal="0" offset="0" sl="14" sc="5" el="14" ec="5" bec="0" bev="0" fileid="20">
                  <TrackedMethodRefs>
                    <TrackedMethodRef uid="0" vc="1" />
                  </TrackedMethodRefs>
                </SequencePoint>
                <SequencePoint vc="1" uspid="5664" ordinal="0" offset="11" sl="15" sc="5" el="15" ec="5" bec="0" bev="0" fileid="20">
                  <TrackedMethodRefs>
                    <TrackedMethodRef uid="0" vc="1" />
                  </TrackedMethodRefs>
                </SequencePoint>
              </SequencePoints>
              <BranchPoints />
            </Method>
          </Methods>
        </Class>
      </Classes>
      <TrackedMethods>
        <TrackedMethod uid="0" token="100663297" name="System.Void EditTests::EditTestsSimplePasses()" strategy="Test" />
      </TrackedMethods>
    </Module>
  </Modules>
</CoverageSession>